\o Program:		@(#)$CDS: libManager.exe version 5.0.2 01/23/2007 12:28 (ocelot-linux.Cadence.COM) $
\o Sub version:		sub-version 03.01-s042
\o Arguments:		-mpssession icfb17693 -mpshost kec1130-16.engr.oregonstate.edu 
\o Working Directory:	kec1130-16.engr.oregonstate.edu:/nfs/stak/students/g/goynese/ECE471/cadence
\o Extended color mode (TrueColor 32 0x23) in use.
\o Loading customization file "/nfs/guille/u1/c/cdsmgr/cdsmgr/pdk/CDK1.4/local/cdssetup/cdsLibMgr.il"
\o Loading NCSU Library Manager customizations...done.
\o Log file is "/nfs/stak/students/g/goynese/ECE471/cadence/libManager.log".
Opening libManager window.
No main selection
\o Library Manager customization server connected.
MPS service: map window
MPS service: map window
MPS service: map window
MPS service: map window
Main selection: ECE471 256sram
\o Opening design file through session server.
MPS request: edit design
Main selection: ECE471 256sram schematic
MPS request: update library list
MPS request: update library list
\o Opening design file through session server.
MPS request: edit design
Main selection: ECE471 M1_POLY symbolic
Invoking command (fileNewCellView).
