N /net0134
? Net does not cross-match. It has 4 connections.
N /gnd!
? Net does not cross-match. It has 8 connections.
N /net0153
? Net does not cross-match. It has 6 connections.
N /C_IN
? Net does not cross-match. It has 7 connections.
N /A
? Net does not cross-match. It has 9 connections.
N /c_out
? Net does not cross-match. It has 3 connections.
N /B
? Net does not cross-match. It has 9 connections.
N /net144
? Net does not cross-match. It has 2 connections.
N /net132
? Net does not cross-match. It has 2 connections.
N /net124
? Net does not cross-match. It has 2 connections.
N /net87
? Net does not cross-match. It has 2 connections.
N /net107
? Net does not cross-match. It has 2 connections.
