Mdi:ArrangeIcons
wm geometry . 900x785+1+86
Mdi:ArrangeIcons
wm geometry . 900x785+20+86
Mdi:ArrangeIcons
wm geometry . 900x785+32+86
Mdi:ArrangeIcons
wm geometry . 900x785+44+86
Mdi:ArrangeIcons
wm geometry . 900x785+60+89
Mdi:ArrangeIcons
wm geometry . 900x785+79+91
Mdi:ArrangeIcons
wm geometry . 900x785+83+93
Mdi:ArrangeIcons
wm geometry . 900x785+121+96
Mdi:ArrangeIcons
wm geometry . 900x785+144+97
Mdi:ArrangeIcons
wm geometry . 900x785+167+97
Mdi:ArrangeIcons
wm geometry . 900x785+182+97
Mdi:ArrangeIcons
wm geometry . 900x785+213+97
Mdi:ArrangeIcons
wm geometry . 900x785+229+97
Mdi:ArrangeIcons
wm geometry . 900x785+255+106
Mdi:ArrangeIcons
wm geometry . 900x785+274+106
Mdi:ArrangeIcons
wm geometry . 900x785+291+106
Mdi:ArrangeIcons
wm geometry . 900x785+308+106
Mdi:ArrangeIcons
wm geometry . 900x785+325+106
Mdi:ArrangeIcons
wm geometry . 900x785+338+122
Mdi:ArrangeIcons
wm geometry . 900x785+349+124
Mdi:ArrangeIcons
wm geometry . 900x785+369+126
Mdi:ArrangeIcons
wm geometry . 900x785+378+128
Mdi:ArrangeIcons
wm geometry . 900x785+387+130
Mdi:ArrangeIcons
wm geometry . 900x785+396+130
Mdi:ArrangeIcons
wm geometry . 900x785+405+130
Mdi:ArrangeIcons
wm geometry . 900x785+414+130
Mdi:ArrangeIcons
wm geometry . 900x785+423+130
Mdi:ArrangeIcons
wm geometry . 900x785+436+130
Mdi:ArrangeIcons
wm geometry . 900x785+449+130
Mdi:ArrangeIcons
wm geometry . 900x785+463+132
Mdi:ArrangeIcons
wm geometry . 900x785+478+132
Mdi:ArrangeIcons
wm geometry . 900x785+494+132
Mdi:ArrangeIcons
wm geometry . 900x785+511+132
Mdi:ArrangeIcons
wm geometry . 900x785+530+132
Mdi:ArrangeIcons
wm geometry . 900x785+549+132
Mdi:ArrangeIcons
wm geometry . 900x785+568+132
Mdi:ArrangeIcons
wm geometry . 900x785+587+132
Mdi:ArrangeIcons
wm geometry . 900x785+606+132
Mdi:ArrangeIcons
wm geometry . 900x785+625+132
Mdi:ArrangeIcons
wm geometry . 900x785+644+132
Mdi:ArrangeIcons
wm geometry . 900x785+663+132
Mdi:ArrangeIcons
wm geometry . 900x785+682+132
Mdi:ArrangeIcons
wm geometry . 900x785+701+132
Mdi:ArrangeIcons
wm geometry . 900x785+720+132
Mdi:ArrangeIcons
wm geometry . 900x785+739+132
Mdi:ArrangeIcons
wm geometry . 900x785+754+132
Mdi:ArrangeIcons
wm geometry . 900x785+769+132
Mdi:ArrangeIcons
wm geometry . 900x785+784+132
Mdi:ArrangeIcons
wm geometry . 900x785+795+132
Mdi:ArrangeIcons
wm geometry . 900x785+806+132
Mdi:ArrangeIcons
wm geometry . 900x785+813+132
Mdi:ArrangeIcons
wm geometry . 900x785+817+130
Mdi:ArrangeIcons
wm geometry . 900x785+818+130
Mdi:ArrangeIcons
wm geometry . 900x785+819+130
Mdi:ArrangeIcons
wm geometry . 900x785+820+129
Mdi:ArrangeIcons
wm geometry . 900x785+822+128
Mdi:ArrangeIcons
wm geometry . 900x785+824+126
Mdi:ArrangeIcons
wm geometry . 900x785+825+125
Mdi:ArrangeIcons
wm geometry . 900x785+827+124
Mdi:ArrangeIcons
wm geometry . 900x785+830+123
Mdi:ArrangeIcons
wm geometry . 900x785+834+121
Mdi:ArrangeIcons
wm geometry . 900x785+838+120
Mdi:ArrangeIcons
wm geometry . 900x785+846+118
Mdi:ArrangeIcons
wm geometry . 900x785+853+118
Mdi:ArrangeIcons
wm geometry . 900x785+861+117
Mdi:ArrangeIcons
wm geometry . 900x785+868+117
Mdi:ArrangeIcons
wm geometry . 900x785+874+117
Mdi:ArrangeIcons
wm geometry . 900x785+880+115
Mdi:ArrangeIcons
wm geometry . 900x785+884+115
Mdi:ArrangeIcons
wm geometry . 900x785+885+115
Mdi:ArrangeIcons
wm geometry . 900x785+886+115
Mdi:ArrangeIcons
wm geometry . 900x785+885+115
Mdi:ArrangeIcons
wm geometry . 900x785+884+115
Mdi:ArrangeIcons
wm geometry . 900x785+883+116
Mdi:ArrangeIcons
wm geometry . 900x785+882+116
Mdi:ArrangeIcons
wm geometry . 900x785+881+116
Mdi:ArrangeIcons
wm geometry . 900x785+880+116
Mdi:ArrangeIcons
wm geometry . 899x784+881+117
Mdi:ArrangeIcons
wm geometry . 895x769+885+132
Mdi:ArrangeIcons
wm geometry . 889x752+891+149
Mdi:ArrangeIcons
wm geometry . 881x732+899+169
Mdi:ArrangeIcons
wm geometry . 861x688+919+213
Mdi:ArrangeIcons
wm geometry . 839x649+941+252
Mdi:ArrangeIcons
wm geometry . 812x604+968+297
Mdi:ArrangeIcons
wm geometry . 793x566+987+335
Mdi:ArrangeIcons
wm geometry . 793x539+987+362
Mdi:ArrangeIcons
wm geometry . 766x521+1014+380
Mdi:ArrangeIcons
wm geometry . 758x517+1022+384
Mdi:ArrangeIcons
wm geometry . 754x516+1026+385
Mdi:ArrangeIcons
wm geometry . 751x516+1029+385
Mdi:ArrangeIcons
wm geometry . 745x519+1035+382
Mdi:ArrangeIcons
wm geometry . 739x527+1041+374
Mdi:ArrangeIcons
wm geometry . 734x537+1046+364
Mdi:ArrangeIcons
wm geometry . 725x546+1055+355
Mdi:ArrangeIcons
wm geometry . 708x553+1072+348
Mdi:ArrangeIcons
wm geometry . 694x557+1086+344
Mdi:ArrangeIcons
wm geometry . 680x559+1100+342
Mdi:ArrangeIcons
wm geometry . 664x559+1116+342
Mdi:ArrangeIcons
wm geometry . 657x557+1123+344
Mdi:ArrangeIcons
wm geometry . 647x550+1133+351
Mdi:ArrangeIcons
wm geometry . 647x545+1133+356
Mdi:ArrangeIcons
wm geometry . 647x544+1133+357
Mdi:ArrangeIcons
wm geometry . 626x539+1154+362
Mdi:ArrangeIcons
wm geometry . 621x534+1159+367
Mdi:ArrangeIcons
wm geometry . 621x533+1159+368
Mdi:ArrangeIcons
wm geometry . 621x532+1159+369
Mdi:ArrangeIcons
wm geometry . 602x531+1178+370
Mdi:ArrangeIcons
wm geometry . 599x530+1181+371
Mdi:ArrangeIcons
wm geometry . 595x526+1185+375
Mdi:ArrangeIcons
wm geometry . 594x523+1186+378
Mdi:ArrangeIcons
wm geometry . 593x520+1187+381
Mdi:ArrangeIcons
wm geometry . 593x519+1187+382
Mdi:ArrangeIcons
wm geometry . 600x515+1180+386
Mdi:ArrangeIcons
wm geometry . 612x511+1168+390
Mdi:ArrangeIcons
wm geometry . 619x510+1161+391
Mdi:ArrangeIcons
wm geometry . 627x510+1153+391
Mdi:ArrangeIcons
wm geometry . 640x510+1140+391
Mdi:ArrangeIcons
wm geometry . 647x510+1133+391
Mdi:ArrangeIcons
wm geometry . 648x510+1132+391
Mdi:ArrangeIcons
wm geometry . 649x510+1131+391
Mdi:ArrangeIcons
wm geometry . 650x510+1130+391
Mdi:ArrangeIcons
wm geometry . 651x509+1129+392
Mdi:ArrangeIcons
wm geometry . 651x504+1129+397
Mdi:ArrangeIcons
wm geometry . 651x503+1129+398
Mdi:ArrangeIcons
wm geometry . 651x501+1129+400
Mdi:ArrangeIcons
wm geometry . 649x497+1131+404
Mdi:ArrangeIcons
wm geometry . 648x496+1132+405
Mdi:ArrangeIcons
wm geometry . 647x496+1133+405
Mdi:ArrangeIcons
wm geometry . 629x496+1151+405
Mdi:ArrangeIcons
wm geometry . 621x498+1159+403
Mdi:ArrangeIcons
wm geometry . 582x498+1198+403
Mdi:ArrangeIcons
wm geometry . 554x496+1226+405
Mdi:ArrangeIcons
wm geometry . 520x495+1260+406
Mdi:ArrangeIcons
wm geometry . 518x495+1262+406
Mdi:ArrangeIcons
wm geometry . 519x495+1261+406
Mdi:ArrangeIcons
wm geometry . 523x497+1257+404
Mdi:ArrangeIcons
wm geometry . 524x497+1256+404
Mdi:ArrangeIcons
wm geometry . 525x497+1255+404
Mdi:ArrangeIcons
wm geometry . 526x498+1254+403
Mdi:ArrangeIcons
wm geometry . 528x499+1252+402
Mdi:ArrangeIcons
wm geometry . 529x505+1251+396
Mdi:ArrangeIcons
wm geometry . 529x506+1251+395
Mdi:ArrangeIcons
wm geometry . 528x507+1252+394
Mdi:ArrangeIcons
wm geometry . 527x508+1253+393
Mdi:ArrangeIcons
wm geometry . 525x508+1255+393
Mdi:ArrangeIcons
wm geometry . 518x508+1262+393
Mdi:ArrangeIcons
wm geometry . 513x508+1267+393
Mdi:ArrangeIcons
wm geometry . 508x510+1272+391
Mdi:ArrangeIcons
wm geometry . 506x511+1274+390
Mdi:ArrangeIcons
wm geometry . 506x511+1269+390
Mdi:ArrangeIcons
wm geometry . 506x511+1261+390
Mdi:ArrangeIcons
wm geometry . 506x511+1249+386
Mdi:ArrangeIcons
wm geometry . 506x511+1235+381
Mdi:ArrangeIcons
wm geometry . 506x511+1221+376
Mdi:ArrangeIcons
wm geometry . 506x511+1204+369
Mdi:ArrangeIcons
wm geometry . 506x511+1185+362
Mdi:ArrangeIcons
wm geometry . 506x511+1170+355
Mdi:ArrangeIcons
wm geometry . 506x511+1153+346
Mdi:ArrangeIcons
wm geometry . 506x511+1128+337
Mdi:ArrangeIcons
wm geometry . 506x511+1105+328
Mdi:ArrangeIcons
wm geometry . 506x511+1086+319
Mdi:ArrangeIcons
wm geometry . 506x511+1067+318
Mdi:ArrangeIcons
wm geometry . 506x511+1050+318
Mdi:ArrangeIcons
wm geometry . 506x511+1033+296
Mdi:ArrangeIcons
wm geometry . 506x511+1016+291
Mdi:ArrangeIcons
wm geometry . 506x511+1005+289
Mdi:ArrangeIcons
wm geometry . 506x511+994+286
Mdi:ArrangeIcons
wm geometry . 506x511+985+284
Mdi:ArrangeIcons
wm geometry . 506x511+976+282
Mdi:ArrangeIcons
wm geometry . 506x511+971+281
Mdi:ArrangeIcons
wm geometry . 506x511+971+279
Mdi:ArrangeIcons
wm geometry . 506x511+949+278
Mdi:ArrangeIcons
wm geometry . 506x511+939+276
Mdi:ArrangeIcons
wm geometry . 506x511+929+274
Mdi:ArrangeIcons
wm geometry . 506x511+921+274
Mdi:ArrangeIcons
wm geometry . 506x511+912+272
Mdi:ArrangeIcons
wm geometry . 506x511+904+272
Mdi:ArrangeIcons
wm geometry . 506x511+896+270
Mdi:ArrangeIcons
wm geometry . 506x511+888+269
Mdi:ArrangeIcons
wm geometry . 506x511+883+269
Mdi:ArrangeIcons
wm geometry . 506x511+879+269
ScopeSigMgr:loadpffile /nfs/stak/students/g/goynese/ECE471/lab5/extracted/250nm_sim_deck.tr0 1 openonly
# PF:1
pf:read PF:1 i(vvdd)
# WF:1:1
Graph addsignal WF:1:1 -region new -yview real(y) -xview real(x) -tracehi 2
# Signal0
wm geometry .sigmgr._PF:1 231x341+969+603
wm geometry .sigmgr._PF:1 231x341+978+605
wm geometry .sigmgr._PF:1 231x341+988+610
wm geometry .sigmgr._PF:1 231x341+999+614
wm geometry .sigmgr._PF:1 231x341+1013+619
wm geometry .sigmgr._PF:1 231x341+1030+626
wm geometry .sigmgr._PF:1 231x341+1049+633
wm geometry .sigmgr._PF:1 231x341+1066+640
wm geometry .sigmgr._PF:1 231x341+1086+647
wm geometry .sigmgr._PF:1 231x341+1104+652
wm geometry .sigmgr._PF:1 231x341+1121+659
wm geometry .sigmgr._PF:1 231x341+1133+666
wm geometry .sigmgr._PF:1 231x341+1155+673
wm geometry .sigmgr._PF:1 231x341+1172+680
wm geometry .sigmgr._PF:1 231x341+1189+687
wm geometry .sigmgr._PF:1 231x341+1206+694
wm geometry .sigmgr._PF:1 231x341+1223+699
wm geometry .sigmgr._PF:1 231x341+1236+704
wm geometry .sigmgr._PF:1 231x341+1247+709
wm geometry .sigmgr._PF:1 231x341+1254+709
wm geometry .sigmgr._PF:1 231x341+1255+711
wm geometry .sigmgr._PF:1 231x341+1253+711
wm geometry .sigmgr._PF:1 231x341+1250+710
wm geometry .sigmgr 376x204+1014+372
wm geometry .sigmgr 376x204+1029+370
wm geometry .sigmgr 376x204+1048+368
wm geometry .sigmgr 376x204+1069+365
wm geometry .sigmgr 376x204+1092+362
wm geometry .sigmgr 376x204+1117+359
wm geometry .sigmgr 376x204+1142+357
wm geometry .sigmgr 376x204+1169+354
wm geometry .sigmgr 376x204+1196+351
wm geometry .sigmgr 376x204+1223+348
wm geometry .sigmgr 376x204+1248+343
wm geometry .sigmgr 376x204+1273+338
wm geometry .sigmgr 376x204+1296+333
wm geometry .sigmgr 376x204+1315+328
wm geometry .sigmgr 376x204+1334+323
wm geometry .sigmgr 376x204+1349+318
wm geometry .sigmgr 376x204+1364+313
wm geometry .sigmgr 376x204+1373+311
wm geometry .sigmgr 376x204+1382+311
wm geometry .sigmgr 376x204+1386+310
wm geometry .sigmgr 376x204+1389+311
wm geometry .sigmgr 376x204+1389+312
wm geometry .sigmgr 376x204+1390+315
wm geometry .sigmgr 376x204+1391+318
wm geometry .sigmgr 376x204+1393+321
wm geometry .sigmgr 376x204+1393+322
wm geometry .sigmgr 376x204+1395+325
wm geometry .sigmgr 376x204+1396+326
wm geometry .sigmgr 376x204+1398+329
wm geometry .sigmgr 376x204+1400+331
wm geometry .sigmgr 376x204+1401+332
wm geometry .sigmgr 376x204+1402+333
wm geometry .sigmgr 376x204+1403+333
wm geometry .sigmgr 376x204+1404+333
wm geometry .sigmgr 376x204+1405+333
wm geometry .sigmgr 376x204+1408+333
wm geometry .sigmgr 376x204+1411+333
wm geometry .sigmgr 376x204+1414+333
wm geometry .sigmgr 376x204+1417+333
wm geometry .sigmgr 376x204+1420+333
wm geometry .sigmgr 376x204+1422+333
wm geometry .sigmgr 376x204+1423+333
wm geometry .sigmgr 376x204+1425+333
wm geometry .sigmgr 376x204+1427+333
wm geometry .sigmgr 376x204+1428+333
wm geometry .sigmgr 376x204+1429+333
wm geometry .sigmgr 376x204+1430+333
wm geometry .sigmgr 376x204+1431+333
wm geometry .sigmgr 376x204+1432+333
wm geometry .sigmgr 376x204+1434+333
wm geometry .sigmgr 376x204+1435+333
wm geometry .sigmgr 376x204+1438+333
wm geometry .sigmgr 376x204+1440+333
wm geometry .sigmgr 376x204+1443+333
wm geometry .sigmgr 376x204+1445+333
wm geometry .sigmgr 376x204+1448+333
wm geometry .sigmgr 376x204+1450+333
wm geometry .sigmgr 376x204+1451+333
wm geometry .sigmgr 376x204+1452+333
wm geometry .sigmgr 376x204+1454+333
wm geometry .sigmgr 376x204+1456+333
wm geometry .sigmgr 376x204+1458+333
wm geometry .sigmgr 376x204+1459+333
wm geometry .sigmgr._PF:1 231x341+1252+709
wm geometry .sigmgr._PF:1 231x341+1255+707
wm geometry .sigmgr._PF:1 231x341+1257+705
wm geometry .sigmgr._PF:1 231x341+1260+701
wm geometry .sigmgr._PF:1 231x341+1265+696
wm geometry .sigmgr._PF:1 231x341+1270+690
wm geometry .sigmgr._PF:1 231x341+1276+685
wm geometry .sigmgr._PF:1 231x341+1283+680
wm geometry .sigmgr._PF:1 231x341+1290+674
wm geometry .sigmgr._PF:1 231x341+1299+668
wm geometry .sigmgr._PF:1 231x341+1311+661
wm geometry .sigmgr._PF:1 231x341+1326+659
wm geometry .sigmgr._PF:1 231x341+1341+659
wm geometry .sigmgr._PF:1 231x341+1353+635
wm geometry .sigmgr._PF:1 231x341+1365+629
wm geometry .sigmgr._PF:1 231x341+1376+622
wm geometry .sigmgr._PF:1 231x341+1385+617
wm geometry .sigmgr._PF:1 231x341+1394+612
wm geometry .sigmgr._PF:1 231x341+1403+607
wm geometry .sigmgr._PF:1 231x341+1407+602
wm geometry .sigmgr._PF:1 231x341+1414+597
wm geometry .sigmgr._PF:1 231x341+1416+596
wm geometry .sigmgr._PF:1 231x341+1418+593
wm geometry .sigmgr._PF:1 231x341+1419+592
wm geometry .sigmgr._PF:1 231x341+1420+590
wm geometry .sigmgr._PF:1 231x341+1421+589
wm geometry .sigmgr._PF:1 231x341+1423+589
wm geometry .sigmgr._PF:1 231x341+1427+587
wm geometry .sigmgr._PF:1 231x341+1432+583
wm geometry .sigmgr._PF:1 231x341+1438+581
wm geometry .sigmgr._PF:1 231x341+1444+579
wm geometry .sigmgr._PF:1 231x341+1449+577
wm geometry .sigmgr._PF:1 231x341+1455+575
wm geometry .sigmgr._PF:1 231x341+1460+573
wm geometry .sigmgr._PF:1 231x341+1466+571
wm geometry .sigmgr._PF:1 231x341+1467+571
wm geometry .sigmgr._PF:1 231x341+1468+570
wm geometry .sigmgr._PF:1 231x341+1469+570
wm geometry .sigmgr._PF:1 231x341+1471+567
wm geometry .sigmgr._PF:1 231x341+1474+567
wm geometry .sigmgr._PF:1 231x341+1479+567
wm geometry .sigmgr._PF:1 231x341+1483+550
wm geometry .sigmgr._PF:1 231x341+1488+545
wm geometry .sigmgr._PF:1 231x341+1492+540
wm geometry .sigmgr._PF:1 231x341+1496+534
wm geometry .sigmgr._PF:1 231x341+1500+528
wm geometry .sigmgr._PF:1 231x341+1504+522
wm geometry .sigmgr._PF:1 231x341+1509+518
wm geometry .sigmgr._PF:1 231x341+1510+517
pf:read PF:1 v(a)
# WF:1:2
Graph addsignal WF:1:2 -region new -yview real(y) -xview real(x) -tracehi 2
# Signal1
pf:read PF:1 v(b)
# WF:1:3
Graph addsignal WF:1:3 -region new -yview real(y) -xview real(x) -tracehi 2
# Signal2
pf:read PF:1 v(c_out)
# WF:1:4
Graph addsignal WF:1:4 -region new -yview real(y) -xview real(x) -tracehi 2
# Signal3
pf:read PF:1 v(c_in)
# WF:1:5
Graph addsignal WF:1:5 -region new -yview real(y) -xview real(x) -tracehi 2
# Signal4
Mdi:ArrangeIcons
wm geometry . 507x511+879+269
Mdi:ArrangeIcons
wm geometry . 519x517+879+269
Mdi:ArrangeIcons
wm geometry . 537x535+879+269
Mdi:ArrangeIcons
wm geometry . 562x567+879+269
Mdi:ArrangeIcons
wm geometry . 570x590+879+269
Mdi:ArrangeIcons
wm geometry . 576x627+879+269
Mdi:ArrangeIcons
wm geometry . 576x654+879+269
Mdi:ArrangeIcons
wm geometry . 576x672+879+269
Mdi:ArrangeIcons
wm geometry . 576x689+879+269
Mdi:ArrangeIcons
wm geometry . 597x703+879+269
Mdi:ArrangeIcons
wm geometry . 600x707+879+269
Mdi:ArrangeIcons
wm geometry . 600x707+881+295
