ScopeSigMgr:loadpffile /nfs/stak/students/g/goynese/ECE471/cadence/NOR2/simulation/nor2_250nm_sim_deck.tr0 1 openonly
# PF:1
pf:read PF:1 v(in_a)
# WF:1:1
Graph addsignal WF:1:1 -region new -yview real(y) -xview real(x) -tracehi 2
# Signal0
pf:read PF:1 v(in_b)
# WF:1:2
Graph addsignal WF:1:2 -region new -yview real(y) -xview real(x) -tracehi 2
# Signal1
pf:read PF:1 v(out)
# WF:1:3
Graph addsignal WF:1:3 -region new -yview real(y) -xview real(x) -tracehi 2
# Signal2
wm geometry .sigmgr._PF:1 231x341+959+599
wm geometry .sigmgr._PF:1 231x341+958+598
wm geometry .sigmgr._PF:1 231x341+956+597
wm geometry .sigmgr._PF:1 231x341+956+595
wm geometry .sigmgr._PF:1 231x341+954+593
wm geometry .sigmgr._PF:1 231x341+953+589
wm geometry .sigmgr._PF:1 231x341+951+587
wm geometry .sigmgr._PF:1 231x341+949+583
wm geometry .sigmgr._PF:1 231x341+949+578
wm geometry .sigmgr._PF:1 231x341+949+572
wm geometry .sigmgr._PF:1 231x341+930+567
wm geometry .sigmgr._PF:1 231x341+925+561
wm geometry .sigmgr._PF:1 231x341+923+556
wm geometry .sigmgr._PF:1 231x341+919+550
wm geometry .sigmgr._PF:1 231x341+915+544
wm geometry .sigmgr._PF:1 231x341+908+539
wm geometry .sigmgr._PF:1 231x341+904+535
wm geometry .sigmgr._PF:1 231x341+904+530
wm geometry .sigmgr._PF:1 231x341+904+525
wm geometry .sigmgr._PF:1 231x341+883+523
wm geometry .sigmgr._PF:1 231x341+876+521
wm geometry .sigmgr._PF:1 231x341+868+518
wm geometry .sigmgr._PF:1 231x341+860+516
wm geometry .sigmgr._PF:1 231x341+852+515
wm geometry .sigmgr._PF:1 231x341+845+512
wm geometry .sigmgr._PF:1 231x341+837+510
wm geometry .sigmgr._PF:1 231x341+829+508
wm geometry .sigmgr._PF:1 231x341+821+507
wm geometry .sigmgr._PF:1 231x341+813+505
wm geometry .sigmgr._PF:1 231x341+807+503
wm geometry .sigmgr._PF:1 231x341+799+502
wm geometry .sigmgr._PF:1 231x341+792+500
wm geometry .sigmgr._PF:1 231x341+790+500
wm geometry .sigmgr._PF:1 231x341+790+498
wm geometry .sigmgr._PF:1 231x341+774+498
wm geometry .sigmgr._PF:1 231x341+768+496
wm geometry .sigmgr._PF:1 231x341+762+496
wm geometry .sigmgr._PF:1 231x341+754+495
wm geometry .sigmgr._PF:1 231x341+748+495
wm geometry .sigmgr._PF:1 231x341+743+495
wm geometry .sigmgr._PF:1 231x341+737+495
wm geometry .sigmgr._PF:1 231x341+733+493
wm geometry .sigmgr._PF:1 231x341+729+493
wm geometry .sigmgr._PF:1 231x341+725+493
wm geometry .sigmgr._PF:1 231x341+724+493
wm geometry .sigmgr._PF:1 231x341+722+493
wm geometry .sigmgr._PF:1 231x341+721+493
wm geometry .sigmgr._PF:1 231x341+720+493
wm geometry .sigmgr._PF:1 231x341+719+493
wm geometry .sigmgr._PF:1 231x341+718+493
wm geometry .sigmgr._PF:1 231x341+717+493
wm geometry .sigmgr._PF:1 231x341+716+493
wm geometry .sigmgr._PF:1 231x341+715+493
wm geometry .sigmgr._PF:1 231x341+714+493
wm geometry .sigmgr._PF:1 231x341+714+492
wm geometry .sigmgr._PF:1 231x341+714+491
wm geometry .sigmgr._PF:1 231x341+714+490
wm geometry .sigmgr._PF:1 231x341+714+489
wm geometry .sigmgr._PF:1 231x341+714+488
wm geometry .sigmgr._PF:1 231x341+714+487
wm geometry .sigmgr._PF:1 231x341+698+486
wm geometry .sigmgr._PF:1 231x341+696+485
wm geometry .sigmgr._PF:1 231x341+694+485
wm geometry .sigmgr._PF:1 231x341+692+484
wm geometry .sigmgr._PF:1 231x341+690+484
wm geometry .sigmgr._PF:1 231x341+687+483
wm geometry .sigmgr._PF:1 231x341+686+483
wm geometry .sigmgr._PF:1 231x341+684+482
wm geometry .sigmgr._PF:1 231x341+682+482
wm geometry .sigmgr._PF:1 231x341+681+482
wm geometry .sigmgr._PF:1 231x341+679+482
wm geometry .sigmgr._PF:1 231x341+678+482
wm geometry .sigmgr._PF:1 231x341+676+481
wm geometry .sigmgr._PF:1 231x341+675+481
wm geometry .sigmgr._PF:1 231x341+673+480
wm geometry .sigmgr._PF:1 231x341+671+479
wm geometry .sigmgr._PF:1 231x341+670+479
wm geometry .sigmgr._PF:1 231x341+669+478
wm geometry .sigmgr._PF:1 231x341+669+477
wm geometry .sigmgr._PF:1 231x341+669+476
wm geometry .sigmgr._PF:1 231x341+669+475
wm geometry .sigmgr._PF:1 231x341+669+474
wm geometry .sigmgr._PF:1 231x341+669+473
wm geometry .sigmgr._PF:1 231x341+669+472
wm geometry .sigmgr._PF:1 231x341+669+471
wm geometry .sigmgr._PF:1 231x341+669+470
wm geometry .sigmgr._PF:1 231x341+669+468
wm geometry .sigmgr._PF:1 231x341+669+466
wm geometry .sigmgr._PF:1 231x341+669+465
wm geometry .sigmgr._PF:1 231x341+669+464
wm geometry .sigmgr._PF:1 231x341+669+463
wm geometry .sigmgr._PF:1 231x341+653+462
wm geometry .sigmgr._PF:1 231x341+652+461
wm geometry .sigmgr._PF:1 231x341+650+460
wm geometry .sigmgr._PF:1 231x341+649+459
wm geometry .sigmgr._PF:1 231x341+647+458
wm geometry .sigmgr._PF:1 231x341+646+458
wm geometry .sigmgr._PF:1 231x341+644+457
wm geometry .sigmgr._PF:1 231x341+642+456
wm geometry .sigmgr._PF:1 231x341+640+455
wm geometry .sigmgr._PF:1 231x341+639+455
wm geometry .sigmgr._PF:1 231x341+638+454
wm geometry .sigmgr._PF:1 231x341+637+454
wm geometry .sigmgr._PF:1 231x341+636+454
wm geometry .sigmgr._PF:1 231x341+635+455
wm geometry .sigmgr._PF:1 231x341+637+457
wm geometry .sigmgr._PF:1 231x341+639+459
wm geometry .sigmgr._PF:1 231x341+639+460
wm geometry .sigmgr._PF:1 231x341+640+461
wm geometry .sigmgr._PF:1 231x341+641+463
wm geometry .sigmgr._PF:1 231x341+642+464
wm geometry .sigmgr._PF:1 231x341+643+465
wm geometry .sigmgr._PF:1 231x341+644+466
wm geometry .sigmgr._PF:1 231x341+645+467
wm geometry .sigmgr._PF:1 231x341+647+469
wm geometry .sigmgr._PF:1 231x341+648+470
wm geometry .sigmgr._PF:1 231x341+649+471
wm geometry .sigmgr._PF:1 231x341+650+472
wm geometry .sigmgr._PF:1 231x341+651+473
wm geometry .sigmgr._PF:1 231x341+653+474
wm geometry .sigmgr._PF:1 231x341+655+476
wm geometry .sigmgr._PF:1 231x341+657+477
wm geometry .sigmgr._PF:1 231x341+660+478
wm geometry .sigmgr._PF:1 231x341+662+479
wm geometry .sigmgr._PF:1 231x341+663+480
wm geometry .sigmgr._PF:1 231x341+664+481
wm geometry .sigmgr._PF:1 231x341+665+481
wm geometry .sigmgr._PF:1 231x341+666+481
wm geometry .sigmgr._PF:1 231x341+667+482
wm geometry .sigmgr._PF:1 231x341+668+482
wm geometry .sigmgr._PF:1 231x341+669+483
wm geometry .sigmgr._PF:1 231x341+670+483
wm geometry .sigmgr._PF:1 231x341+671+484
wm geometry .sigmgr._PF:1 231x341+672+485
wm geometry .sigmgr._PF:1 231x341+673+486
wm geometry .sigmgr._PF:1 231x341+673+487
wm geometry .sigmgr._PF:1 231x341+673+488
wm geometry .sigmgr._PF:1 231x341+673+489
wm geometry .sigmgr._PF:1 231x341+674+490
wm geometry .sigmgr._PF:1 231x341+674+491
wm geometry .sigmgr._PF:1 231x341+674+492
wm geometry .sigmgr._PF:1 231x341+675+494
wm geometry .sigmgr._PF:1 231x341+676+496
wm geometry .sigmgr._PF:1 231x341+677+498
wm geometry .sigmgr._PF:1 231x341+678+499
wm geometry .sigmgr._PF:1 231x341+679+501
wm geometry .sigmgr._PF:1 231x341+680+502
wm geometry .sigmgr._PF:1 231x341+681+503
wm geometry .sigmgr._PF:1 231x341+681+502
wm geometry .sigmgr._PF:1 231x341+680+501
wm geometry .sigmgr._PF:1 231x341+679+500
wm geometry .sigmgr._PF:1 231x341+678+499
wm geometry .sigmgr._PF:1 231x341+676+498
wm geometry .sigmgr._PF:1 231x341+675+498
wm geometry .sigmgr._PF:1 231x341+673+497
wm geometry .sigmgr._PF:1 231x341+671+496
wm geometry .sigmgr._PF:1 231x341+669+495
wm geometry .sigmgr._PF:1 231x341+669+494
wm geometry .sigmgr._PF:1 231x341+669+493
wm geometry .sigmgr._PF:1 231x341+669+492
wm geometry .sigmgr._PF:1 231x341+669+491
wm geometry .sigmgr._PF:1 231x341+669+490
wm geometry .sigmgr._PF:1 231x341+669+489
wm geometry .sigmgr._PF:1 231x341+669+488
wm geometry .sigmgr._PF:1 231x341+669+487
wm geometry .sigmgr._PF:1 231x341+669+486
wm geometry .sigmgr._PF:1 231x341+653+486
wm geometry .sigmgr._PF:1 231x341+652+486
wm geometry .sigmgr._PF:1 231x341+651+486
wm geometry .sigmgr._PF:1 231x341+650+486
wm geometry .sigmgr._PF:1 231x341+649+486
wm geometry .sigmgr._PF:1 231x341+648+486
wm geometry .sigmgr._PF:1 231x341+647+486
wm geometry .sigmgr._PF:1 231x341+646+486
wm geometry .sigmgr._PF:1 231x341+645+486
wm geometry .sigmgr._PF:1 231x341+644+486
wm geometry .sigmgr._PF:1 231x341+643+486
wm geometry .sigmgr._PF:1 231x341+642+486
wm geometry .sigmgr._PF:1 231x341+641+486
wm geometry .sigmgr._PF:1 231x341+642+486
wm geometry .sigmgr._PF:1 231x341+645+487
wm geometry .sigmgr._PF:1 231x341+646+488
wm geometry .sigmgr._PF:1 231x341+648+489
wm geometry .sigmgr._PF:1 231x341+651+490
wm geometry .sigmgr._PF:1 231x341+653+491
wm geometry .sigmgr._PF:1 231x341+654+491
wm geometry .sigmgr._PF:1 231x341+656+492
wm geometry .sigmgr._PF:1 231x341+658+493
wm geometry .sigmgr._PF:1 231x341+659+493
wm geometry .sigmgr._PF:1 231x341+662+494
wm geometry .sigmgr._PF:1 231x341+663+494
wm geometry .sigmgr._PF:1 231x341+664+494
wm geometry .sigmgr._PF:1 231x341+665+494
wm geometry .sigmgr._PF:1 231x341+667+495
wm geometry .sigmgr._PF:1 231x341+668+495
wm geometry .sigmgr._PF:1 231x341+670+495
wm geometry .sigmgr._PF:1 231x341+671+495
wm geometry .sigmgr._PF:1 231x341+673+495
wm geometry .sigmgr._PF:1 231x341+675+495
wm geometry .sigmgr._PF:1 231x341+677+495
wm geometry .sigmgr._PF:1 231x341+679+495
wm geometry .sigmgr._PF:1 231x341+682+495
wm geometry .sigmgr._PF:1 231x341+684+495
wm geometry .sigmgr._PF:1 231x341+686+495
wm geometry .sigmgr._PF:1 231x341+688+495
wm geometry .sigmgr._PF:1 231x341+689+495
wm geometry .sigmgr._PF:1 231x341+691+495
wm geometry .sigmgr._PF:1 231x341+693+495
wm geometry .sigmgr._PF:1 231x341+695+495
wm geometry .sigmgr._PF:1 231x341+696+495
wm geometry .sigmgr._PF:1 231x341+698+495
wm geometry .sigmgr._PF:1 231x341+700+495
wm geometry .sigmgr._PF:1 231x341+701+495
wm geometry .sigmgr._PF:1 231x341+703+495
wm geometry .sigmgr._PF:1 231x341+704+495
wm geometry .sigmgr._PF:1 231x341+706+495
wm geometry .sigmgr._PF:1 231x341+708+495
wm geometry .sigmgr._PF:1 231x341+709+495
wm geometry .sigmgr._PF:1 231x341+711+495
wm geometry .sigmgr._PF:1 231x341+712+495
wm geometry .sigmgr._PF:1 231x341+713+495
wm geometry .sigmgr._PF:1 231x341+714+495
wm geometry .sigmgr._PF:1 231x341+714+493
wm geometry .sigmgr._PF:1 231x341+714+492
wm geometry .sigmgr._PF:1 231x341+714+491
wm geometry .sigmgr._PF:1 231x341+714+490
wm geometry .sigmgr._PF:1 231x341+696+489
wm geometry .sigmgr._PF:1 231x341+694+488
wm geometry .sigmgr._PF:1 231x341+692+487
wm geometry .sigmgr._PF:1 231x341+691+487
wm geometry .sigmgr._PF:1 231x341+689+486
wm geometry .sigmgr._PF:1 231x341+688+486
wm geometry .sigmgr._PF:1 231x341+687+485
wm geometry .sigmgr._PF:1 231x341+686+485
wm geometry .sigmgr._PF:1 231x341+684+484
wm geometry .sigmgr._PF:1 231x341+683+483
wm geometry .sigmgr._PF:1 231x341+682+483
wm geometry .sigmgr._PF:1 231x341+681+482
wm geometry .sigmgr._PF:1 231x341+680+482
wm geometry .sigmgr._PF:1 231x341+679+482
wm geometry .sigmgr._PF:1 231x341+678+481
wm geometry .sigmgr._PF:1 231x341+677+481
wm geometry .sigmgr._PF:1 231x341+676+481
wm geometry .sigmgr._PF:1 231x341+675+481
wm geometry .sigmgr._PF:1 231x341+674+481
wm geometry .sigmgr._PF:1 231x341+672+480
wm geometry .sigmgr._PF:1 231x341+671+480
wm geometry .sigmgr._PF:1 231x341+670+480
wm geometry .sigmgr._PF:1 231x341+669+480
wm geometry .sigmgr._PF:1 231x341+653+480
wm geometry .sigmgr._PF:1 231x341+652+480
wm geometry .sigmgr._PF:1 231x341+651+480
wm geometry .sigmgr._PF:1 231x341+650+480
wm geometry .sigmgr._PF:1 231x341+649+480
wm geometry .sigmgr._PF:1 231x341+649+482
wm geometry .sigmgr._PF:1 231x341+651+483
wm geometry .sigmgr._PF:1 231x341+652+484
wm geometry .sigmgr._PF:1 231x341+653+484
wm geometry .sigmgr._PF:1 231x341+654+485
wm geometry .sigmgr._PF:1 231x341+656+486
wm geometry .sigmgr._PF:1 231x341+658+487
wm geometry .sigmgr._PF:1 231x341+660+488
wm geometry .sigmgr._PF:1 231x341+661+489
wm geometry .sigmgr._PF:1 231x341+662+490
wm geometry .sigmgr._PF:1 231x341+664+492
wm geometry .sigmgr._PF:1 231x341+666+493
wm geometry .sigmgr._PF:1 231x341+668+494
wm geometry .sigmgr._PF:1 231x341+669+494
wm geometry .sigmgr._PF:1 231x341+670+494
wm geometry .sigmgr._PF:1 231x341+671+495
wm geometry .sigmgr._PF:1 231x341+672+495
wm geometry .sigmgr._PF:1 231x341+674+496
wm geometry .sigmgr._PF:1 231x341+675+497
wm geometry .sigmgr._PF:1 231x341+676+497
wm geometry .sigmgr._PF:1 231x341+679+498
wm geometry .sigmgr._PF:1 231x341+680+498
wm geometry .sigmgr._PF:1 231x341+682+498
wm geometry .sigmgr._PF:1 231x341+684+499
wm geometry .sigmgr._PF:1 231x341+686+499
wm geometry .sigmgr._PF:1 231x341+688+500
wm geometry .sigmgr._PF:1 231x341+691+500
wm geometry .sigmgr._PF:1 231x341+693+500
wm geometry .sigmgr._PF:1 231x341+696+501
wm geometry .sigmgr._PF:1 231x341+699+501
wm geometry .sigmgr._PF:1 231x341+702+501
wm geometry .sigmgr._PF:1 231x341+706+502
wm geometry .sigmgr._PF:1 231x341+708+502
wm geometry .sigmgr._PF:1 231x341+710+502
wm geometry .sigmgr._PF:1 231x341+712+502
wm geometry .sigmgr._PF:1 231x341+714+502
wm geometry .sigmgr._PF:1 231x341+714+501
wm geometry .sigmgr._PF:1 231x341+714+500
wm geometry .sigmgr._PF:1 231x341+714+499
wm geometry .sigmgr._PF:1 231x341+714+498
wm geometry .sigmgr._PF:1 231x341+714+497
wm geometry .sigmgr._PF:1 231x341+714+496
wm geometry .sigmgr._PF:1 231x341+714+495
wm geometry .sigmgr._PF:1 231x341+698+495
wm geometry .sigmgr._PF:1 231x341+696+494
wm geometry .sigmgr._PF:1 231x341+694+494
wm geometry .sigmgr._PF:1 231x341+693+494
wm geometry .sigmgr._PF:1 231x341+691+494
wm geometry .sigmgr._PF:1 231x341+690+494
wm geometry .sigmgr._PF:1 231x341+688+493
wm geometry .sigmgr._PF:1 231x341+687+493
wm geometry .sigmgr._PF:1 231x341+686+493
wm geometry .sigmgr._PF:1 231x341+685+493
wm geometry .sigmgr._PF:1 231x341+684+493
wm geometry .sigmgr._PF:1 231x341+683+493
wm geometry .sigmgr._PF:1 231x341+682+493
wm geometry .sigmgr._PF:1 231x341+681+493
wm geometry .sigmgr._PF:1 231x341+679+492
wm geometry .sigmgr._PF:1 231x341+677+492
wm geometry .sigmgr._PF:1 231x341+676+492
wm geometry .sigmgr._PF:1 231x341+675+492
wm geometry .sigmgr._PF:1 231x341+674+492
wm geometry .sigmgr._PF:1 231x341+673+492
wm geometry .sigmgr._PF:1 231x341+672+492
wm geometry .sigmgr._PF:1 231x341+671+492
wm geometry .sigmgr._PF:1 231x341+670+492
wm geometry .sigmgr._PF:1 231x341+669+492
wm geometry .sigmgr._PF:1 231x341+653+492
wm geometry .sigmgr._PF:1 231x341+651+492
wm geometry .sigmgr._PF:1 231x341+650+492
wm geometry .sigmgr._PF:1 231x341+649+492
wm geometry .sigmgr._PF:1 231x341+648+492
wm geometry .sigmgr._PF:1 231x341+647+492
wm geometry .sigmgr._PF:1 231x341+646+492
wm geometry .sigmgr._PF:1 231x341+648+492
wm geometry .sigmgr._PF:1 231x341+651+493
wm geometry .sigmgr._PF:1 231x341+652+493
wm geometry .sigmgr._PF:1 231x341+654+493
wm geometry .sigmgr._PF:1 231x341+656+493
wm geometry .sigmgr._PF:1 231x341+658+493
wm geometry .sigmgr._PF:1 231x341+660+493
wm geometry .sigmgr._PF:1 231x341+661+493
wm geometry .sigmgr._PF:1 231x341+663+494
wm geometry .sigmgr._PF:1 231x341+665+494
wm geometry .sigmgr._PF:1 231x341+666+494
wm geometry .sigmgr._PF:1 231x341+667+494
wm geometry .sigmgr._PF:1 231x341+668+494
wm geometry .sigmgr._PF:1 231x341+670+494
wm geometry .sigmgr._PF:1 231x341+671+494
wm geometry .sigmgr._PF:1 231x341+672+494
wm geometry .sigmgr._PF:1 231x341+673+494
wm geometry .sigmgr._PF:1 231x341+674+494
wm geometry .sigmgr._PF:1 231x341+675+493
wm geometry .sigmgr._PF:1 231x341+674+492
wm geometry .sigmgr._PF:1 231x341+673+492
wm geometry .sigmgr._PF:1 231x341+671+491
wm geometry .sigmgr._PF:1 231x341+670+490
wm geometry .sigmgr._PF:1 231x341+669+490
wm geometry .sigmgr._PF:1 231x341+669+489
wm geometry .sigmgr._PF:1 231x341+669+488
wm geometry .sigmgr._PF:1 231x341+669+487
wm geometry .sigmgr._PF:1 231x341+669+486
wm geometry .sigmgr._PF:1 231x341+669+485
wm geometry .sigmgr._PF:1 231x341+669+484
wm geometry .sigmgr._PF:1 231x341+669+483
wm geometry .sigmgr._PF:1 231x341+669+482
wm geometry .sigmgr._PF:1 231x341+669+481
wm geometry .sigmgr._PF:1 231x341+653+481
wm geometry .sigmgr._PF:1 231x341+652+480
wm geometry .sigmgr._PF:1 231x341+650+479
wm geometry .sigmgr._PF:1 231x341+649+478
wm geometry .sigmgr._PF:1 231x341+648+478
wm geometry .sigmgr._PF:1 231x341+649+478
wm geometry .sigmgr._PF:1 231x341+651+479
wm geometry .sigmgr._PF:1 231x341+652+480
wm geometry .sigmgr._PF:1 231x341+653+480
wm geometry .sigmgr._PF:1 231x341+655+482
wm geometry .sigmgr._PF:1 231x341+657+483
wm geometry .sigmgr._PF:1 231x341+659+484
wm geometry .sigmgr._PF:1 231x341+661+486
wm geometry .sigmgr._PF:1 231x341+662+486
wm geometry .sigmgr._PF:1 231x341+664+487
wm geometry .sigmgr._PF:1 231x341+667+489
wm geometry .sigmgr._PF:1 231x341+669+490
wm geometry .sigmgr._PF:1 231x341+671+491
wm geometry .sigmgr._PF:1 231x341+672+492
wm geometry .sigmgr._PF:1 231x341+673+492
wm geometry .sigmgr._PF:1 231x341+676+494
wm geometry .sigmgr._PF:1 231x341+678+495
wm geometry .sigmgr._PF:1 231x341+679+495
wm geometry .sigmgr._PF:1 231x341+680+496
wm geometry .sigmgr._PF:1 231x341+681+496
wm geometry .sigmgr._PF:1 231x341+682+496
wm geometry .sigmgr._PF:1 231x341+684+496
wm geometry .sigmgr._PF:1 231x341+686+496
wm geometry .sigmgr._PF:1 231x341+690+497
wm geometry .sigmgr._PF:1 231x341+693+499
wm geometry .sigmgr._PF:1 231x341+702+503
wm geometry .sigmgr._PF:1 231x341+712+507
wm geometry .sigmgr._PF:1 231x341+714+511
wm geometry .sigmgr._PF:1 231x341+736+516
wm geometry .sigmgr._PF:1 231x341+755+521
wm geometry .sigmgr._PF:1 231x341+774+526
wm geometry .sigmgr._PF:1 231x341+795+531
wm geometry .sigmgr._PF:1 231x341+814+536
wm geometry .sigmgr._PF:1 231x341+830+541
wm geometry .sigmgr._PF:1 231x341+850+546
wm geometry .sigmgr._PF:1 231x341+867+548
wm geometry .sigmgr._PF:1 231x341+878+551
wm geometry .sigmgr._PF:1 231x341+893+553
wm geometry .sigmgr._PF:1 231x341+906+555
wm geometry .sigmgr._PF:1 231x341+915+557
wm geometry .sigmgr._PF:1 231x341+924+559
wm geometry .sigmgr._PF:1 231x341+929+559
wm geometry .sigmgr._PF:1 231x341+931+560
wm geometry .sigmgr._PF:1 231x341+933+561
wm geometry .sigmgr._PF:1 231x341+931+560
wm geometry .sigmgr._PF:1 231x341+929+559
wm geometry .sigmgr._PF:1 231x341+927+558
wm geometry .sigmgr._PF:1 231x341+924+555
wm geometry .sigmgr._PF:1 231x341+923+555
wm geometry .sigmgr._PF:1 231x341+921+554
wm geometry .sigmgr._PF:1 231x341+919+553
wm geometry .sigmgr._PF:1 231x341+916+552
wm geometry .sigmgr._PF:1 231x341+915+552
wm geometry .sigmgr._PF:1 231x341+913+551
wm geometry .sigmgr._PF:1 231x341+912+551
wm geometry .sigmgr._PF:1 231x341+910+550
wm geometry .sigmgr._PF:1 231x341+909+550
wm geometry .sigmgr._PF:1 231x341+908+549
wm geometry .sigmgr._PF:1 231x341+907+548
wm geometry .sigmgr._PF:1 231x341+906+547
wm geometry .sigmgr._PF:1 231x341+907+547
wm geometry .sigmgr._PF:1 231x341+908+547
wm geometry .sigmgr._PF:1 231x341+909+547
wm geometry .sigmgr._PF:1 231x341+910+547
wm geometry .sigmgr._PF:1 231x341+912+547
wm geometry .sigmgr._PF:1 231x341+913+547
wm geometry .sigmgr._PF:1 231x341+915+547
wm geometry .sigmgr._PF:1 231x341+918+548
wm geometry .sigmgr._PF:1 231x341+921+551
wm geometry .sigmgr._PF:1 231x341+924+554
wm geometry .sigmgr._PF:1 231x341+929+558
wm geometry .sigmgr._PF:1 231x341+936+562
wm geometry .sigmgr._PF:1 231x341+942+567
wm geometry .sigmgr._PF:1 231x341+946+568
wm geometry .sigmgr._PF:1 231x341+949+571
wm geometry .sigmgr._PF:1 231x341+949+572
wm geometry .sigmgr._PF:1 231x341+949+574
wm geometry .sigmgr._PF:1 231x341+949+575
wm geometry .sigmgr._PF:1 231x341+949+576
wm geometry .sigmgr._PF:1 231x341+949+577
wm geometry .sigmgr._PF:1 231x341+949+578
wm geometry .sigmgr._PF:1 231x341+949+576
wm geometry .sigmgr._PF:1 231x341+949+574
wm geometry .sigmgr._PF:1 231x341+949+570
wm geometry .sigmgr._PF:1 231x341+949+567
wm geometry .sigmgr._PF:1 231x341+930+563
wm geometry .sigmgr._PF:1 231x341+922+560
wm geometry .sigmgr._PF:1 231x341+916+558
wm geometry .sigmgr._PF:1 231x341+910+556
wm geometry .sigmgr._PF:1 231x341+906+555
wm geometry .sigmgr._PF:1 231x341+904+552
wm geometry .sigmgr._PF:1 231x341+904+550
wm geometry .sigmgr._PF:1 231x341+904+549
wm geometry .sigmgr._PF:1 231x341+888+547
wm geometry .sigmgr._PF:1 231x341+884+546
wm geometry .sigmgr._PF:1 231x341+880+544
wm geometry .sigmgr._PF:1 231x341+876+542
wm geometry .sigmgr._PF:1 231x341+872+541
wm geometry .sigmgr._PF:1 231x341+868+539
wm geometry .sigmgr._PF:1 231x341+865+537
wm geometry .sigmgr._PF:1 231x341+862+536
wm geometry .sigmgr._PF:1 231x341+860+535
wm geometry .sigmgr._PF:1 231x341+858+534
wm geometry .sigmgr._PF:1 231x341+856+533
wm geometry .sigmgr._PF:1 231x341+853+532
wm geometry .sigmgr._PF:1 231x341+852+532
wm geometry .sigmgr._PF:1 231x341+850+531
wm geometry .sigmgr._PF:1 231x341+848+530
wm geometry .sigmgr._PF:1 231x341+846+529
wm geometry .sigmgr._PF:1 231x341+843+527
wm geometry .sigmgr._PF:1 231x341+841+526
wm geometry .sigmgr._PF:1 231x341+839+525
wm geometry .sigmgr._PF:1 231x341+837+524
wm geometry .sigmgr._PF:1 231x341+835+523
wm geometry .sigmgr._PF:1 231x341+832+521
wm geometry .sigmgr._PF:1 231x341+830+520
wm geometry .sigmgr._PF:1 231x341+829+519
wm geometry .sigmgr._PF:1 231x341+827+518
wm geometry .sigmgr._PF:1 231x341+824+516
wm geometry .sigmgr._PF:1 231x341+822+515
wm geometry .sigmgr._PF:1 231x341+820+514
wm geometry .sigmgr._PF:1 231x341+819+513
wm geometry .sigmgr._PF:1 231x341+818+513
wm geometry .sigmgr._PF:1 231x341+816+512
wm geometry .sigmgr._PF:1 231x341+814+511
wm geometry .sigmgr._PF:1 231x341+813+510
wm geometry .sigmgr._PF:1 231x341+811+508
wm geometry .sigmgr._PF:1 231x341+809+507
wm geometry .sigmgr._PF:1 231x341+807+506
wm geometry .sigmgr._PF:1 231x341+804+505
wm geometry .sigmgr._PF:1 231x341+802+504
wm geometry .sigmgr._PF:1 231x341+800+503
wm geometry .sigmgr._PF:1 231x341+797+501
wm geometry .sigmgr._PF:1 231x341+793+499
wm geometry .sigmgr._PF:1 231x341+790+498
wm geometry .sigmgr._PF:1 231x341+790+497
wm geometry .sigmgr._PF:1 231x341+790+496
wm geometry .sigmgr._PF:1 231x341+790+495
wm geometry .sigmgr._PF:1 231x341+790+493
wm geometry .sigmgr._PF:1 231x341+790+492
wm geometry .sigmgr._PF:1 231x341+774+491
wm geometry .sigmgr._PF:1 231x341+772+490
wm geometry .sigmgr._PF:1 231x341+769+489
wm geometry .sigmgr._PF:1 231x341+767+488
wm geometry .sigmgr._PF:1 231x341+765+487
wm geometry .sigmgr._PF:1 231x341+763+487
wm geometry .sigmgr._PF:1 231x341+762+486
wm geometry .sigmgr._PF:1 231x341+761+486
wm geometry .sigmgr._PF:1 231x341+759+485
wm geometry .sigmgr._PF:1 231x341+758+485
wm geometry .sigmgr._PF:1 231x341+757+484
wm geometry .sigmgr._PF:1 231x341+756+484
wm geometry .sigmgr._PF:1 231x341+754+483
wm geometry .sigmgr._PF:1 231x341+753+483
wm geometry .sigmgr._PF:1 231x341+752+483
wm geometry .sigmgr._PF:1 231x341+751+483
wm geometry .sigmgr._PF:1 231x341+749+483
wm geometry .sigmgr._PF:1 231x341+748+482
wm geometry .sigmgr._PF:1 231x341+747+482
wm geometry .sigmgr._PF:1 231x341+746+481
wm geometry .sigmgr._PF:1 231x341+745+481
wm geometry .sigmgr._PF:1 231x341+744+481
wm geometry .sigmgr._PF:1 231x341+743+480
wm geometry .sigmgr._PF:1 231x341+742+480
wm geometry .sigmgr._PF:1 231x341+741+479
wm geometry .sigmgr._PF:1 231x341+740+479
wm geometry .sigmgr._PF:1 231x341+739+479
wm geometry .sigmgr._PF:1 231x341+738+478
wm geometry .sigmgr._PF:1 231x341+737+478
wm geometry .sigmgr._PF:1 231x341+736+478
wm geometry .sigmgr._PF:1 231x341+735+478
wm geometry .sigmgr._PF:1 231x341+734+477
wm geometry .sigmgr._PF:1 231x341+733+477
wm geometry .sigmgr._PF:1 231x341+732+477
wm geometry .sigmgr._PF:1 231x341+730+476
wm geometry .sigmgr._PF:1 231x341+729+476
wm geometry .sigmgr._PF:1 231x341+727+475
wm geometry .sigmgr._PF:1 231x341+726+475
wm geometry .sigmgr._PF:1 231x341+725+475
wm geometry .sigmgr._PF:1 231x341+723+474
wm geometry .sigmgr._PF:1 231x341+721+474
wm geometry .sigmgr._PF:1 231x341+720+473
wm geometry .sigmgr._PF:1 231x341+719+473
wm geometry .sigmgr._PF:1 231x341+717+472
wm geometry .sigmgr._PF:1 231x341+715+472
wm geometry .sigmgr._PF:1 231x341+714+471
wm geometry .sigmgr._PF:1 231x341+714+470
wm geometry .sigmgr._PF:1 231x341+714+469
wm geometry .sigmgr._PF:1 231x341+714+468
wm geometry .sigmgr._PF:1 231x341+697+467
wm geometry .sigmgr._PF:1 231x341+696+467
wm geometry .sigmgr._PF:1 231x341+693+467
wm geometry .sigmgr._PF:1 231x341+692+466
wm geometry .sigmgr._PF:1 231x341+690+466
wm geometry .sigmgr._PF:1 231x341+688+466
wm geometry .sigmgr._PF:1 231x341+686+466
wm geometry .sigmgr._PF:1 231x341+683+466
wm geometry .sigmgr._PF:1 231x341+681+465
wm geometry .sigmgr._PF:1 231x341+679+465
wm geometry .sigmgr._PF:1 231x341+678+465
wm geometry .sigmgr._PF:1 231x341+676+464
wm geometry .sigmgr._PF:1 231x341+674+464
wm geometry .sigmgr._PF:1 231x341+672+464
wm geometry .sigmgr._PF:1 231x341+671+464
wm geometry .sigmgr._PF:1 231x341+669+464
wm geometry .sigmgr._PF:1 231x341+669+463
wm geometry .sigmgr._PF:1 231x341+653+463
wm geometry .sigmgr._PF:1 231x341+651+463
wm geometry .sigmgr._PF:1 231x341+650+463
wm geometry .sigmgr._PF:1 231x341+649+463
wm geometry .sigmgr._PF:1 231x341+648+463
wm geometry .sigmgr._PF:1 231x341+647+463
wm geometry .sigmgr._PF:1 231x341+646+463
wm geometry .sigmgr._PF:1 231x341+644+463
wm geometry .sigmgr._PF:1 231x341+643+463
wm geometry .sigmgr._PF:1 231x341+641+463
wm geometry .sigmgr._PF:1 231x341+640+463
wm geometry .sigmgr._PF:1 231x341+639+463
wm geometry .sigmgr._PF:1 231x341+636+463
wm geometry .sigmgr._PF:1 231x341+634+463
wm geometry .sigmgr._PF:1 231x341+631+463
wm geometry .sigmgr._PF:1 231x341+628+463
wm geometry .sigmgr._PF:1 231x341+624+463
wm geometry .sigmgr._PF:1 231x341+620+463
wm geometry .sigmgr._PF:1 231x341+617+464
wm geometry .sigmgr._PF:1 231x341+614+465
wm geometry .sigmgr._PF:1 231x341+611+465
wm geometry .sigmgr._PF:1 231x341+609+465
wm geometry .sigmgr._PF:1 231x341+607+465
wm geometry .sigmgr._PF:1 231x341+606+466
wm geometry .sigmgr._PF:1 231x341+605+466
wm geometry .sigmgr._PF:1 231x341+603+467
wm geometry .sigmgr._PF:1 231x341+602+467
wm geometry .sigmgr._PF:1 231x341+600+468
wm geometry .sigmgr._PF:1 231x341+601+469
wm geometry .sigmgr._PF:1 231x341+603+470
wm geometry .sigmgr._PF:1 231x341+604+470
wm geometry .sigmgr._PF:1 231x341+605+471
wm geometry .sigmgr._PF:1 231x341+607+472
wm geometry .sigmgr._PF:1 231x341+610+473
wm geometry .sigmgr._PF:1 231x341+614+475
wm geometry .sigmgr._PF:1 231x341+617+476
wm geometry .sigmgr._PF:1 231x341+620+476
wm geometry .sigmgr._PF:1 231x341+621+476
wm geometry .sigmgr._PF:1 231x341+624+476
wm geometry .sigmgr._PF:1 231x341+627+477
wm geometry .sigmgr._PF:1 231x341+631+478
wm geometry .sigmgr._PF:1 231x341+633+478
wm geometry .sigmgr._PF:1 231x341+637+479
wm geometry .sigmgr._PF:1 231x341+640+479
wm geometry .sigmgr._PF:1 231x341+643+479
wm geometry .sigmgr._PF:1 231x341+645+480
wm geometry .sigmgr._PF:1 231x341+647+480
wm geometry .sigmgr._PF:1 231x341+650+481
wm geometry .sigmgr._PF:1 231x341+651+481
wm geometry .sigmgr._PF:1 231x341+653+481
wm geometry .sigmgr._PF:1 231x341+654+481
wm geometry .sigmgr._PF:1 231x341+657+482
wm geometry .sigmgr._PF:1 231x341+659+482
wm geometry .sigmgr._PF:1 231x341+661+482
wm geometry .sigmgr._PF:1 231x341+663+483
wm geometry .sigmgr._PF:1 231x341+664+483
wm geometry .sigmgr._PF:1 231x341+666+483
wm geometry .sigmgr._PF:1 231x341+668+483
wm geometry .sigmgr._PF:1 231x341+669+483
wm geometry .sigmgr._PF:1 231x341+670+483
wm geometry .sigmgr._PF:1 231x341+672+483
wm geometry .sigmgr._PF:1 231x341+674+484
wm geometry .sigmgr._PF:1 231x341+677+484
wm geometry .sigmgr._PF:1 231x341+679+484
wm geometry .sigmgr._PF:1 231x341+681+485
wm geometry .sigmgr._PF:1 231x341+683+485
wm geometry .sigmgr._PF:1 231x341+685+485
wm geometry .sigmgr._PF:1 231x341+687+486
wm geometry .sigmgr._PF:1 231x341+689+486
wm geometry .sigmgr._PF:1 231x341+691+486
wm geometry .sigmgr._PF:1 231x341+693+486
wm geometry .sigmgr._PF:1 231x341+694+487
wm geometry .sigmgr._PF:1 231x341+695+487
wm geometry .sigmgr._PF:1 231x341+696+487
wm geometry .sigmgr._PF:1 231x341+697+487
wm geometry .sigmgr._PF:1 231x341+698+487
wm geometry .sigmgr._PF:1 231x341+696+487
wm geometry .sigmgr._PF:1 231x341+695+487
wm geometry .sigmgr._PF:1 231x341+692+487
wm geometry .sigmgr._PF:1 231x341+689+486
wm geometry .sigmgr._PF:1 231x341+686+486
wm geometry .sigmgr._PF:1 231x341+683+486
wm geometry .sigmgr._PF:1 231x341+680+485
wm geometry .sigmgr._PF:1 231x341+678+485
wm geometry .sigmgr._PF:1 231x341+675+484
wm geometry .sigmgr._PF:1 231x341+673+484
wm geometry .sigmgr._PF:1 231x341+671+483
wm geometry .sigmgr._PF:1 231x341+670+483
wm geometry .sigmgr._PF:1 231x341+669+482
wm geometry .sigmgr._PF:1 231x341+669+481
wm geometry .sigmgr._PF:1 231x341+669+480
wm geometry .sigmgr._PF:1 231x341+669+479
wm geometry .sigmgr._PF:1 231x341+669+478
wm geometry .sigmgr._PF:1 231x341+652+478
wm geometry .sigmgr._PF:1 231x341+651+478
wm geometry .sigmgr._PF:1 231x341+650+478
wm geometry .sigmgr._PF:1 231x341+649+478
wm geometry .sigmgr._PF:1 231x341+647+477
wm geometry .sigmgr._PF:1 231x341+646+477
wm geometry .sigmgr._PF:1 231x341+644+477
wm geometry .sigmgr._PF:1 231x341+643+476
wm geometry .sigmgr._PF:1 231x341+642+476
wm geometry .sigmgr._PF:1 231x341+641+476
wm geometry .sigmgr._PF:1 231x341+640+475
wm geometry .sigmgr._PF:1 231x341+639+475
wm geometry .sigmgr._PF:1 231x341+638+474
wm geometry .sigmgr._PF:1 231x341+637+474
wm geometry .sigmgr._PF:1 231x341+636+473
wm geometry .sigmgr._PF:1 231x341+635+473
wm geometry .sigmgr._PF:1 231x341+634+473
wm geometry .sigmgr._PF:1 231x341+633+472
wm geometry .sigmgr._PF:1 231x341+632+472
wm geometry .sigmgr._PF:1 231x341+631+472
wm geometry .sigmgr._PF:1 231x341+630+472
wm geometry .sigmgr._PF:1 231x341+629+472
wm geometry .sigmgr._PF:1 231x341+628+472
wm geometry .sigmgr._PF:1 231x341+627+472
wm geometry .sigmgr._PF:1 231x341+626+472
wm geometry .sigmgr._PF:1 231x341+625+472
wm geometry .sigmgr._PF:1 231x341+624+472
wm geometry .sigmgr._PF:1 231x341+623+472
wm geometry .sigmgr._PF:1 231x341+622+472
wm geometry .sigmgr._PF:1 231x341+620+473
wm geometry .sigmgr._PF:1 231x341+619+473
wm geometry .sigmgr._PF:1 231x341+618+473
wm geometry .sigmgr._PF:1 231x341+617+473
wm geometry .sigmgr._PF:1 231x341+616+473
wm geometry .sigmgr._PF:1 231x341+615+473
wm geometry .sigmgr._PF:1 231x341+614+474
wm geometry .sigmgr._PF:1 231x341+612+476
wm geometry .sigmgr._PF:1 231x341+612+477
wm geometry .sigmgr._PF:1 231x341+611+480
wm geometry .sigmgr._PF:1 231x341+610+482
wm geometry .sigmgr._PF:1 231x341+608+486
wm geometry .sigmgr._PF:1 231x341+607+489
wm geometry .sigmgr._PF:1 231x341+605+493
wm geometry .sigmgr._PF:1 231x341+603+498
wm geometry .sigmgr._PF:1 231x341+600+504
wm geometry .sigmgr._PF:1 231x341+596+512
wm geometry .sigmgr._PF:1 231x341+595+519
wm geometry .sigmgr._PF:1 231x341+592+526
wm geometry .sigmgr._PF:1 231x341+592+533
wm geometry .sigmgr._PF:1 231x341+592+540
wm geometry .sigmgr._PF:1 231x341+592+548
wm geometry .sigmgr._PF:1 231x341+592+554
wm geometry .sigmgr._PF:1 231x341+597+561
wm geometry .sigmgr._PF:1 231x341+601+567
wm geometry .sigmgr._PF:1 231x341+605+571
wm geometry .sigmgr._PF:1 231x341+611+577
wm geometry .sigmgr._PF:1 231x341+615+581
wm geometry .sigmgr._PF:1 231x341+622+585
wm geometry .sigmgr._PF:1 231x341+628+587
wm geometry .sigmgr._PF:1 231x341+634+591
wm geometry .sigmgr._PF:1 231x341+640+595
wm geometry .sigmgr._PF:1 231x341+647+599
wm geometry .sigmgr._PF:1 231x341+655+604
wm geometry .sigmgr._PF:1 231x341+662+608
wm geometry .sigmgr._PF:1 231x341+672+612
wm geometry .sigmgr._PF:1 231x341+680+617
wm geometry .sigmgr._PF:1 231x341+687+621
wm geometry .sigmgr._PF:1 231x341+697+625
wm geometry .sigmgr._PF:1 231x341+703+630
wm geometry .sigmgr._PF:1 231x341+709+631
wm geometry .sigmgr._PF:1 231x341+714+634
wm geometry .sigmgr._PF:1 231x341+714+636
wm geometry .sigmgr._PF:1 231x341+714+637
wm geometry .sigmgr._PF:1 231x341+714+638
wm geometry .sigmgr._PF:1 231x341+714+636
wm geometry .sigmgr._PF:1 231x341+714+635
wm geometry .sigmgr._PF:1 231x341+714+634
wm geometry .sigmgr._PF:1 231x341+714+633
wm geometry .sigmgr._PF:1 231x341+714+632
wm geometry .sigmgr._PF:1 231x341+714+631
wm geometry .sigmgr._PF:1 231x341+714+629
wm geometry .sigmgr._PF:1 231x341+714+627
wm geometry .sigmgr._PF:1 231x341+697+625
wm geometry .sigmgr._PF:1 231x341+696+624
wm geometry .sigmgr._PF:1 231x341+693+621
wm geometry .sigmgr._PF:1 231x341+691+620
wm geometry .sigmgr._PF:1 231x341+689+618
wm geometry .sigmgr._PF:1 231x341+685+615
wm geometry .sigmgr._PF:1 231x341+683+613
wm geometry .sigmgr._PF:1 231x341+682+612
wm geometry .sigmgr._PF:1 231x341+680+610
wm geometry .sigmgr._PF:1 231x341+678+609
wm geometry .sigmgr._PF:1 231x341+677+608
wm geometry .sigmgr._PF:1 231x341+676+607
wm geometry .sigmgr._PF:1 231x341+675+606
wm geometry .sigmgr._PF:1 231x341+674+605
wm geometry .sigmgr._PF:1 231x341+673+604
wm geometry .sigmgr._PF:1 231x341+672+603
wm geometry .sigmgr._PF:1 231x341+669+601
wm geometry .sigmgr._PF:1 231x341+669+599
wm geometry .sigmgr._PF:1 231x341+669+598
wm geometry .sigmgr._PF:1 231x341+669+597
wm geometry .sigmgr._PF:1 231x341+669+596
wm geometry .sigmgr._PF:1 231x341+669+595
wm geometry .sigmgr._PF:1 231x341+669+594
wm geometry .sigmgr._PF:1 231x341+669+593
wm geometry .sigmgr._PF:1 231x341+669+592
wm geometry .sigmgr._PF:1 231x341+669+591
wm geometry .sigmgr._PF:1 231x341+669+590
wm geometry .sigmgr._PF:1 231x341+669+589
wm geometry .sigmgr._PF:1 231x341+669+588
wm geometry .sigmgr._PF:1 231x341+669+587
wm geometry .sigmgr._PF:1 231x341+669+586
wm geometry .sigmgr._PF:1 231x341+669+585
wm geometry .sigmgr._PF:1 231x341+669+584
wm geometry .sigmgr._PF:1 231x341+669+583
wm geometry .sigmgr._PF:1 231x341+669+582
wm geometry .sigmgr._PF:1 231x341+669+581
wm geometry .sigmgr._PF:1 231x341+669+580
wm geometry .sigmgr._PF:1 231x341+669+578
wm geometry .sigmgr._PF:1 231x341+669+576
wm geometry .sigmgr._PF:1 231x341+669+575
wm geometry .sigmgr._PF:1 231x341+669+574
wm geometry .sigmgr._PF:1 231x341+669+573
wm geometry .sigmgr._PF:1 231x341+669+572
wm geometry .sigmgr._PF:1 231x341+669+571
wm geometry .sigmgr._PF:1 231x341+669+569
wm geometry .sigmgr._PF:1 231x341+669+568
wm geometry .sigmgr._PF:1 231x341+669+567
wm geometry .sigmgr._PF:1 231x341+669+565
wm geometry .sigmgr._PF:1 231x341+669+564
wm geometry .sigmgr._PF:1 231x341+669+563
wm geometry .sigmgr._PF:1 231x341+669+561
wm geometry .sigmgr._PF:1 231x341+669+560
wm geometry .sigmgr._PF:1 231x341+669+558
wm geometry .sigmgr._PF:1 231x341+669+541
wm geometry .sigmgr._PF:1 231x341+669+540
wm geometry .sigmgr._PF:1 231x341+669+539
wm geometry .sigmgr._PF:1 231x341+669+538
wm geometry .sigmgr._PF:1 231x341+669+537
wm geometry .sigmgr._PF:1 231x341+669+536
wm geometry .sigmgr._PF:1 231x341+669+535
wm geometry .sigmgr._PF:1 231x341+669+534
wm geometry .sigmgr._PF:1 231x341+669+533
wm geometry .sigmgr._PF:1 231x341+669+532
wm geometry .sigmgr._PF:1 231x341+669+531
wm geometry .sigmgr._PF:1 231x341+669+530
wm geometry .sigmgr._PF:1 231x341+669+529
wm geometry .sigmgr._PF:1 231x341+669+526
wm geometry .sigmgr._PF:1 231x341+669+525
wm geometry .sigmgr._PF:1 231x341+669+523
wm geometry .sigmgr._PF:1 231x341+669+521
wm geometry .sigmgr._PF:1 231x341+669+520
wm geometry .sigmgr._PF:1 231x341+669+519
wm geometry .sigmgr._PF:1 231x341+669+517
wm geometry .sigmgr._PF:1 231x341+669+516
wm geometry .sigmgr._PF:1 231x341+669+515
wm geometry .sigmgr._PF:1 231x341+669+514
wm geometry .sigmgr._PF:1 231x341+669+513
wm geometry .sigmgr._PF:1 231x341+669+514
wm geometry .sigmgr._PF:1 231x341+669+515
wm geometry .sigmgr._PF:1 231x341+653+517
wm geometry .sigmgr._PF:1 231x341+652+519
wm geometry .sigmgr._PF:1 231x341+651+520
wm geometry .sigmgr._PF:1 231x341+651+521
wm geometry .sigmgr._PF:1 231x341+651+522
wm geometry .sigmgr._PF:1 231x341+650+523
wm geometry .sigmgr._PF:1 231x341+650+524
wm geometry .sigmgr._PF:1 231x341+649+526
wm geometry .sigmgr._PF:1 231x341+648+528
wm geometry .sigmgr._PF:1 231x341+647+529
wm geometry .sigmgr._PF:1 231x341+647+530
wm geometry .sigmgr._PF:1 231x341+646+531
wm geometry .sigmgr._PF:1 231x341+645+532
wm geometry .sigmgr._PF:1 231x341+645+533
wm geometry .sigmgr._PF:1 231x341+644+535
wm geometry .sigmgr._PF:1 231x341+643+536
wm geometry .sigmgr._PF:1 231x341+645+538
wm geometry .sigmgr._PF:1 231x341+646+539
wm geometry .sigmgr._PF:1 231x341+648+540
wm geometry .sigmgr._PF:1 231x341+651+541
wm geometry .sigmgr._PF:1 231x341+654+541
wm geometry .sigmgr._PF:1 231x341+655+542
wm geometry .sigmgr._PF:1 231x341+658+544
wm geometry .sigmgr._PF:1 231x341+660+545
wm geometry .sigmgr._PF:1 231x341+662+545
wm geometry .sigmgr._PF:1 231x341+665+546
wm geometry .sigmgr._PF:1 231x341+667+546
wm geometry .sigmgr._PF:1 231x341+671+546
wm geometry .sigmgr._PF:1 231x341+674+547
wm geometry .sigmgr._PF:1 231x341+679+547
wm geometry .sigmgr._PF:1 231x341+682+547
wm geometry .sigmgr._PF:1 231x341+686+547
wm geometry .sigmgr._PF:1 231x341+690+547
wm geometry .sigmgr._PF:1 231x341+694+547
wm geometry .sigmgr._PF:1 231x341+697+547
wm geometry .sigmgr._PF:1 231x341+700+547
wm geometry .sigmgr._PF:1 231x341+702+547
wm geometry .sigmgr._PF:1 231x341+704+547
wm geometry .sigmgr._PF:1 231x341+705+547
wm geometry .sigmgr._PF:1 231x341+704+547
wm geometry .sigmgr._PF:1 231x341+701+547
wm geometry .sigmgr._PF:1 231x341+696+545
wm geometry .sigmgr._PF:1 231x341+692+543
wm geometry .sigmgr._PF:1 231x341+689+542
wm geometry .sigmgr._PF:1 231x341+684+541
wm geometry .sigmgr._PF:1 231x341+679+541
wm geometry .sigmgr._PF:1 231x341+673+538
wm geometry .sigmgr._PF:1 231x341+669+538
wm geometry .sigmgr._PF:1 231x341+669+537
wm geometry .sigmgr._PF:1 231x341+669+535
wm geometry .sigmgr._PF:1 231x341+647+535
wm geometry .sigmgr._PF:1 231x341+643+535
wm geometry .sigmgr._PF:1 231x341+639+535
wm geometry .sigmgr._PF:1 231x341+635+535
wm geometry .sigmgr._PF:1 231x341+634+535
wm geometry .sigmgr._PF:1 231x341+633+535
wm geometry .sigmgr._PF:1 231x341+632+535
wm geometry .sigmgr._PF:1 231x341+631+535
wm geometry .sigmgr._PF:1 231x341+630+535
wm geometry .sigmgr._PF:1 231x341+629+535
wm geometry .sigmgr._PF:1 231x341+628+535
wm geometry .sigmgr._PF:1 231x341+627+535
wm geometry .sigmgr._PF:1 231x341+626+535
wm geometry .sigmgr._PF:1 231x341+626+537
wm geometry .sigmgr._PF:1 231x341+633+543
wm geometry .sigmgr._PF:1 231x341+644+554
wm geometry .sigmgr._PF:1 231x341+659+565
wm geometry .sigmgr._PF:1 231x341+680+576
wm geometry .sigmgr._PF:1 231x341+705+587
wm geometry .sigmgr._PF:1 231x341+734+600
wm geometry .sigmgr._PF:1 231x341+763+613
wm geometry .sigmgr._PF:1 231x341+800+628
wm geometry .sigmgr._PF:1 231x341+830+643
wm geometry .sigmgr._PF:1 231x341+866+658
wm geometry .sigmgr._PF:1 231x341+899+667
wm geometry .sigmgr._PF:1 231x341+928+678
wm geometry .sigmgr._PF:1 231x341+949+689
wm geometry .sigmgr._PF:1 231x341+971+700
wm geometry .sigmgr._PF:1 231x341+1015+709
wm geometry .sigmgr._PF:1 231x341+1040+716
wm geometry .sigmgr._PF:1 231x341+1063+725
wm geometry .sigmgr._PF:1 231x341+1082+732
wm geometry .sigmgr._PF:1 231x341+1099+741
wm geometry .sigmgr._PF:1 231x341+1116+748
wm geometry .sigmgr._PF:1 231x341+1131+753
wm geometry .sigmgr._PF:1 231x341+1140+755
wm geometry .sigmgr._PF:1 231x341+1149+758
wm geometry .sigmgr._PF:1 231x341+1156+760
wm geometry .sigmgr._PF:1 231x341+1157+761
wm geometry .sigmgr._PF:1 231x341+1156+761
wm geometry .sigmgr._PF:1 231x341+1154+761
wm geometry .sigmgr._PF:1 231x341+1151+761
wm geometry .sigmgr._PF:1 231x341+1149+761
wm geometry .sigmgr._PF:1 231x341+1147+761
wm geometry .sigmgr._PF:1 231x341+1144+758
wm geometry .sigmgr._PF:1 231x341+1137+753
wm geometry .sigmgr._PF:1 231x341+1128+748
wm geometry .sigmgr._PF:1 231x341+1117+748
wm geometry .sigmgr._PF:1 231x341+1106+726
wm geometry .sigmgr._PF:1 231x341+1093+713
wm geometry .sigmgr._PF:1 231x341+1080+702
wm geometry .sigmgr._PF:1 231x341+1069+693
wm geometry .sigmgr._PF:1 231x341+1060+686
wm geometry .sigmgr._PF:1 231x341+1053+683
wm geometry .sigmgr._PF:1 231x341+1047+683
wm geometry .sigmgr._PF:1 231x341+1043+683
wm geometry .sigmgr._PF:1 231x341+1041+683
wm geometry .sigmgr._PF:1 231x341+1040+683
wm geometry .sigmgr._PF:1 231x341+1039+683
ScopeSigMgr:loadpffile /nfs/stak/students/g/goynese/ECE471/cadence/NOR2/65nm_sim_deck.tr0 1 openonly
# PF:2
pf:read PF:2 v(in_b)
# WF:2:1
Graph addsignal WF:2:1 -region new -yview real(y) -xview real(x) -tracehi 2
# Signal3
pf:read PF:2 v(in_a)
# WF:2:2
Graph addsignal WF:2:2 -region new -yview real(y) -xview real(x) -tracehi 2
# Signal4
pf:read PF:2 v(out)
# WF:2:3
Graph addsignal WF:2:3 -region new -yview real(y) -xview real(x) -tracehi 2
# Signal5
ScopeSigMgr:Unload 0 {{(2) 65nm_sim_deck.tr0}}
ScopeSigMgr:loadpffile /nfs/stak/students/g/goynese/ECE471/cadence/NOR2/32nm_sim_deck.tr0 1 openonly
# PF:3
pf:read PF:3 v(in_a)
# WF:3:1
Graph addsignal WF:3:1 -region new -yview real(y) -xview real(x) -tracehi 2
# Signal6
pf:read PF:3 v(in_b)
# WF:3:2
Graph addsignal WF:3:2 -region new -yview real(y) -xview real(x) -tracehi 2
# Signal7
ScopeSigMgr:Unload 0 {{(3) 32nm_sim_deck.tr0}}
