ScopeSigMgr:loadpffile /nfs/stak/students/g/goynese/ECE471/lab5/250nm_sim_deck.tr0 1 openonly
# PF:1
Graph:Select Graph0
Graph:DSel 0
Graph:DSel
pf:read PF:1 v(a)
# WF:1:1
Graph addsignal WF:1:1 -region new -yview real(y) -xview real(x) -tracehi 2
# Signal0
pf:read PF:1 v(b)
# WF:1:2
Graph addsignal WF:1:2 -region new -yview real(y) -xview real(x) -tracehi 2
# Signal1
pf:read PF:1 v(c_in)
# WF:1:3
Graph addsignal WF:1:3 -region new -yview real(y) -xview real(x) -tracehi 2
# Signal2
pf:read PF:1 v(c_out)
# WF:1:4
Graph addsignal WF:1:4 -region new -yview real(y) -xview real(x) -tracehi 2
# Signal3
pf:read PF:1 v(s)
# WF:1:5
Graph addsignal WF:1:5 -region new -yview real(y) -xview real(x) -tracehi 2
# Signal4
Mdi:Resize 569 658
Mdi:Move 5 5
wm geometry .sigmgr 376x204+517+189
wm geometry .sigmgr 376x204+520+189
wm geometry .sigmgr 376x204+524+190
wm geometry .sigmgr 376x204+533+192
wm geometry .sigmgr 376x204+545+195
wm geometry .sigmgr 376x204+557+197
wm geometry .sigmgr 376x204+570+197
wm geometry .sigmgr 376x204+584+199
wm geometry .sigmgr 376x204+599+202
wm geometry .sigmgr 376x204+612+204
wm geometry .sigmgr 376x204+625+206
wm geometry .sigmgr 376x204+634+208
wm geometry .sigmgr 376x204+641+210
wm geometry .sigmgr 376x204+642+211
wm geometry .sigmgr 376x204+643+211
wm geometry .sigmgr 376x204+644+212
wm geometry .sigmgr 376x204+646+213
wm geometry .sigmgr 376x204+647+214
wm geometry .sigmgr 376x204+651+216
wm geometry .sigmgr 376x204+653+218
wm geometry .sigmgr 376x204+655+219
wm geometry .sigmgr 376x204+657+221
wm geometry .sigmgr 376x204+660+223
wm geometry .sigmgr 376x204+662+225
wm geometry .sigmgr 376x204+664+226
wm geometry .sigmgr 376x204+666+227
wm geometry .sigmgr 376x204+667+227
wm geometry .sigmgr 376x204+670+228
wm geometry .sigmgr 376x204+671+228
wm geometry .sigmgr 376x204+673+228
wm geometry .sigmgr 376x204+675+229
wm geometry .sigmgr 376x204+676+229
wm geometry .sigmgr 376x204+677+229
wm geometry .sigmgr 376x204+678+229
wm geometry .sigmgr 376x204+679+229
Graph:SetCMap 2
.frame1.mdi.mdi1.work.graph0 save -file /nfs/stak/students/g/goynese/ECE471/lab5/Waveform.png -format png  -x 0 -y 0 -w 567 -h 654 -colormode color
wm geometry .sigmgr._PF:1 231x341+960+599
wm geometry .sigmgr._PF:1 231x341+959+594
wm geometry .sigmgr._PF:1 231x341+957+589
wm geometry .sigmgr._PF:1 231x341+954+581
wm geometry .sigmgr._PF:1 231x341+950+573
wm geometry .sigmgr._PF:1 231x341+945+564
wm geometry .sigmgr._PF:1 231x341+941+556
wm geometry .sigmgr._PF:1 231x341+937+552
wm geometry .sigmgr._PF:1 231x341+934+548
wm geometry .sigmgr._PF:1 231x341+929+542
wm geometry .sigmgr._PF:1 231x341+924+534
wm geometry .sigmgr._PF:1 231x341+918+526
wm geometry .sigmgr._PF:1 231x341+912+517
wm geometry .sigmgr._PF:1 231x341+908+509
wm geometry .sigmgr._PF:1 231x341+904+502
wm geometry .sigmgr._PF:1 231x341+904+494
wm geometry .sigmgr._PF:1 231x341+904+483
wm geometry .sigmgr._PF:1 231x341+882+473
wm geometry .sigmgr._PF:1 231x341+876+465
wm geometry .sigmgr._PF:1 231x341+867+463
wm geometry .sigmgr._PF:1 231x341+861+463
wm geometry .sigmgr._PF:1 231x341+854+447
wm geometry .sigmgr._PF:1 231x341+849+442
wm geometry .sigmgr._PF:1 231x341+845+437
wm geometry .sigmgr._PF:1 231x341+840+436
wm geometry .sigmgr._PF:1 231x341+836+433
wm geometry .sigmgr._PF:1 231x341+835+432
wm geometry .sigmgr._PF:1 231x341+833+431
wm geometry .sigmgr._PF:1 231x341+831+429
wm geometry .sigmgr._PF:1 231x341+829+428
wm geometry .sigmgr._PF:1 231x341+828+427
wm geometry .sigmgr._PF:1 231x341+826+426
wm geometry .sigmgr._PF:1 231x341+824+424
wm geometry .sigmgr._PF:1 231x341+824+422
wm geometry .sigmgr._PF:1 231x341+824+418
wm geometry .sigmgr._PF:1 231x341+806+414
wm geometry .sigmgr._PF:1 231x341+797+410
wm geometry .sigmgr._PF:1 231x341+787+406
wm geometry .sigmgr._PF:1 231x341+778+404
wm geometry .sigmgr._PF:1 231x341+771+402
wm geometry .sigmgr._PF:1 231x341+764+400
wm geometry .sigmgr._PF:1 231x341+757+400
wm geometry .sigmgr._PF:1 231x341+749+398
wm geometry .sigmgr._PF:1 231x341+743+398
wm geometry .sigmgr._PF:1 231x341+737+398
wm geometry .sigmgr._PF:1 231x341+733+398
wm geometry .sigmgr._PF:1 231x341+732+398
wm geometry .sigmgr._PF:1 231x341+731+398
wm geometry .sigmgr._PF:1 231x341+730+398
wm geometry .sigmgr._PF:1 231x341+729+398
wm geometry .sigmgr._PF:1 231x341+727+400
wm geometry .sigmgr._PF:1 231x341+726+403
wm geometry .sigmgr._PF:1 231x341+724+407
wm geometry .sigmgr._PF:1 231x341+723+412
wm geometry .sigmgr._PF:1 231x341+721+418
wm geometry .sigmgr._PF:1 231x341+719+423
wm geometry .sigmgr._PF:1 231x341+718+429
wm geometry .sigmgr._PF:1 231x341+716+434
wm geometry .sigmgr._PF:1 231x341+716+441
wm geometry .sigmgr._PF:1 231x341+715+449
wm geometry .sigmgr._PF:1 231x341+715+456
wm geometry .sigmgr._PF:1 231x341+713+464
wm geometry .sigmgr._PF:1 231x341+713+471
wm geometry .sigmgr._PF:1 231x341+713+478
wm geometry .sigmgr._PF:1 231x341+713+486
wm geometry .sigmgr._PF:1 231x341+713+492
wm geometry .sigmgr._PF:1 231x341+713+497
wm geometry .sigmgr._PF:1 231x341+713+503
wm geometry .sigmgr._PF:1 231x341+713+509
wm geometry .sigmgr._PF:1 231x341+713+514
wm geometry .sigmgr._PF:1 231x341+713+520
wm geometry .sigmgr._PF:1 231x341+713+526
wm geometry .sigmgr._PF:1 231x341+713+531
wm geometry .sigmgr._PF:1 231x341+713+537
wm geometry .sigmgr._PF:1 231x341+713+542
wm geometry .sigmgr._PF:1 231x341+713+549
wm geometry .sigmgr._PF:1 231x341+713+556
wm geometry .sigmgr._PF:1 231x341+713+564
wm geometry .sigmgr._PF:1 231x341+713+571
wm geometry .sigmgr._PF:1 231x341+713+578
wm geometry .sigmgr._PF:1 231x341+715+585
wm geometry .sigmgr._PF:1 231x341+716+589
wm geometry .sigmgr._PF:1 231x341+716+593
wm geometry .sigmgr._PF:1 231x341+717+595
wm geometry .sigmgr._PF:1 231x341+718+596
wm geometry .sigmgr._PF:1 231x341+720+596
wm geometry .sigmgr._PF:1 231x341+725+596
wm geometry .sigmgr._PF:1 231x341+732+596
wm geometry .sigmgr._PF:1 231x341+740+593
wm geometry .sigmgr._PF:1 231x341+748+591
wm geometry .sigmgr._PF:1 231x341+758+586
wm geometry .sigmgr._PF:1 231x341+767+582
wm geometry .sigmgr._PF:1 231x341+774+577
wm geometry .sigmgr._PF:1 231x341+780+573
wm geometry .sigmgr._PF:1 231x341+786+568
wm geometry .sigmgr._PF:1 231x341+791+564
wm geometry .sigmgr._PF:1 231x341+795+558
wm geometry .sigmgr._PF:1 231x341+797+558
wm geometry .sigmgr._PF:1 231x341+801+558
wm geometry .sigmgr._PF:1 231x341+803+558
wm geometry .sigmgr._PF:1 231x341+805+539
wm geometry .sigmgr._PF:1 231x341+806+535
wm geometry .sigmgr._PF:1 231x341+806+531
wm geometry .sigmgr._PF:1 231x341+806+527
wm geometry .sigmgr._PF:1 231x341+806+525
wm geometry .sigmgr._PF:1 231x341+806+522
wm geometry .sigmgr._PF:1 231x341+806+519
wm geometry .sigmgr._PF:1 231x341+806+516
wm geometry .sigmgr._PF:1 231x341+806+514
wm geometry .sigmgr._PF:1 231x341+806+511
wm geometry .sigmgr._PF:1 231x341+806+509
wm geometry .sigmgr._PF:1 231x341+806+508
wm geometry .sigmgr._PF:1 231x341+806+506
wm geometry .sigmgr._PF:1 231x341+805+505
wm geometry .sigmgr._PF:1 231x341+799+505
wm geometry .sigmgr._PF:1 231x341+791+505
wm geometry .sigmgr._PF:1 231x341+780+505
wm geometry .sigmgr._PF:1 231x341+770+503
wm geometry .sigmgr._PF:1 231x341+759+503
wm geometry .sigmgr._PF:1 231x341+748+501
wm geometry .sigmgr._PF:1 231x341+738+499
wm geometry .sigmgr._PF:1 231x341+731+499
wm geometry .sigmgr._PF:1 231x341+727+498
wm geometry .sigmgr._PF:1 231x341+726+498
wm geometry .sigmgr._PF:1 231x341+725+497
wm geometry .sigmgr._PF:1 231x341+725+494
wm geometry .sigmgr._PF:1 231x341+724+491
wm geometry .sigmgr._PF:1 231x341+722+488
wm geometry .sigmgr._PF:1 231x341+721+487
wm geometry .sigmgr._PF:1 231x341+720+485
wm geometry .sigmgr._PF:1 231x341+718+483
wm geometry .sigmgr._PF:1 231x341+716+482
wm geometry .sigmgr._PF:1 231x341+712+480
wm geometry .sigmgr._PF:1 231x341+710+478
wm geometry .sigmgr._PF:1 231x341+707+476
wm geometry .sigmgr._PF:1 231x341+705+475
wm geometry .sigmgr._PF:1 231x341+703+474
wm geometry .sigmgr._PF:1 231x341+701+473
wm geometry .sigmgr._PF:1 231x341+699+472
wm geometry .sigmgr._PF:1 231x341+698+472
wm geometry .sigmgr._PF:1 231x341+697+471
wm geometry .sigmgr._PF:1 231x341+696+470
wm geometry .sigmgr._PF:1 231x341+695+469
wm geometry .sigmgr._PF:1 231x341+692+467
wm geometry .sigmgr._PF:1 231x341+691+466
wm geometry .sigmgr._PF:1 231x341+690+465
wm geometry .sigmgr._PF:1 231x341+688+463
wm geometry .sigmgr._PF:1 231x341+687+463
wm geometry .sigmgr._PF:1 231x341+686+463
wm geometry .sigmgr._PF:1 231x341+685+463
wm geometry .sigmgr._PF:1 231x341+684+463
wm geometry .sigmgr._PF:1 231x341+683+463
wm geometry .sigmgr._PF:1 231x341+682+463
wm geometry .sigmgr._PF:1 231x341+681+463
wm geometry .sigmgr._PF:1 231x341+680+463
wm geometry .sigmgr._PF:1 231x341+679+463
wm geometry .sigmgr._PF:1 231x341+678+463
wm geometry .sigmgr._PF:1 231x341+678+447
wm geometry .sigmgr._PF:1 231x341+677+446
wm geometry .sigmgr._PF:1 231x341+676+444
wm geometry .sigmgr._PF:1 231x341+675+443
wm geometry .sigmgr._PF:1 231x341+675+441
wm geometry .sigmgr._PF:1 231x341+674+440
wm geometry .sigmgr._PF:1 231x341+674+439
wm geometry .sigmgr._PF:1 231x341+673+438
wm geometry .sigmgr._PF:1 231x341+672+436
wm geometry .sigmgr._PF:1 231x341+672+435
wm geometry .sigmgr._PF:1 231x341+672+434
wm geometry .sigmgr._PF:1 231x341+672+433
wm geometry .sigmgr._PF:1 231x341+671+431
wm geometry .sigmgr._PF:1 231x341+671+430
wm geometry .sigmgr._PF:1 231x341+670+428
wm geometry .sigmgr._PF:1 231x341+670+427
wm geometry .sigmgr._PF:1 231x341+671+430
wm geometry .sigmgr._PF:1 231x341+671+433
wm geometry .sigmgr._PF:1 231x341+672+439
wm geometry .sigmgr._PF:1 231x341+674+446
wm geometry .sigmgr._PF:1 231x341+674+452
wm geometry .sigmgr._PF:1 231x341+676+458
wm geometry .sigmgr._PF:1 231x341+676+462
wm geometry .sigmgr._PF:1 231x341+678+465
wm geometry .sigmgr._PF:1 231x341+679+469
wm geometry .sigmgr._PF:1 231x341+679+471
wm geometry .sigmgr._PF:1 231x341+679+473
wm geometry .sigmgr._PF:1 231x341+679+474
wm geometry .sigmgr._PF:1 231x341+680+477
wm geometry .sigmgr._PF:1 231x341+680+478
wm geometry .sigmgr._PF:1 231x341+680+480
wm geometry .sigmgr._PF:1 231x341+681+482
wm geometry .sigmgr._PF:1 231x341+681+483
wm geometry .sigmgr._PF:1 231x341+681+485
wm geometry .sigmgr._PF:1 231x341+681+486
wm geometry .sigmgr._PF:1 231x341+682+488
wm geometry .sigmgr._PF:1 231x341+682+490
wm geometry .sigmgr._PF:1 231x341+682+491
wm geometry .sigmgr._PF:1 231x341+682+493
wm geometry .sigmgr._PF:1 231x341+683+496
wm geometry .sigmgr._PF:1 231x341+683+498
wm geometry .sigmgr._PF:1 231x341+683+500
wm geometry .sigmgr._PF:1 231x341+683+501
wm geometry .sigmgr._PF:1 231x341+683+503
wm geometry .sigmgr._PF:1 231x341+683+505
wm geometry .sigmgr._PF:1 231x341+683+507
wm geometry .sigmgr._PF:1 231x341+684+509
wm geometry .sigmgr._PF:1 231x341+684+508
wm geometry .sigmgr._PF:1 231x341+684+505
wm geometry .sigmgr._PF:1 231x341+684+502
wm geometry .sigmgr._PF:1 231x341+685+499
wm geometry .sigmgr._PF:1 231x341+686+496
wm geometry .sigmgr._PF:1 231x341+686+493
wm geometry .sigmgr._PF:1 231x341+686+491
wm geometry .sigmgr._PF:1 231x341+686+488
wm geometry .sigmgr._PF:1 231x341+687+486
wm geometry .sigmgr._PF:1 231x341+687+483
wm geometry .sigmgr._PF:1 231x341+688+481
wm geometry .sigmgr._PF:1 231x341+688+479
wm geometry .sigmgr._PF:1 231x341+688+476
wm geometry .sigmgr._PF:1 231x341+688+473
wm geometry .sigmgr._PF:1 231x341+689+469
wm geometry .sigmgr._PF:1 231x341+689+467
wm geometry .sigmgr._PF:1 231x341+690+464
wm geometry .sigmgr._PF:1 231x341+690+463
wm geometry .sigmgr._PF:1 231x341+691+463
wm geometry .sigmgr._PF:1 231x341+692+463
wm geometry .sigmgr._PF:1 231x341+692+447
wm geometry .sigmgr._PF:1 231x341+693+445
wm geometry .sigmgr._PF:1 231x341+693+444
wm geometry .sigmgr._PF:1 231x341+693+443
wm geometry .sigmgr._PF:1 231x341+693+441
wm geometry .sigmgr._PF:1 231x341+693+440
wm geometry .sigmgr._PF:1 231x341+693+439
wm geometry .sigmgr._PF:1 231x341+694+438
wm geometry .sigmgr._PF:1 231x341+694+437
wm geometry .sigmgr._PF:1 231x341+694+435
wm geometry .sigmgr._PF:1 231x341+694+434
wm geometry .sigmgr._PF:1 231x341+694+432
wm geometry .sigmgr._PF:1 231x341+695+431
wm geometry .sigmgr._PF:1 231x341+695+430
wm geometry .sigmgr._PF:1 231x341+695+428
wm geometry .sigmgr._PF:1 231x341+695+426
wm geometry .sigmgr._PF:1 231x341+695+425
wm geometry .sigmgr._PF:1 231x341+696+423
wm geometry .sigmgr._PF:1 231x341+696+422
wm geometry .sigmgr._PF:1 231x341+696+421
wm geometry .sigmgr._PF:1 231x341+696+420
wm geometry .sigmgr._PF:1 231x341+696+419
wm geometry .sigmgr._PF:1 231x341+697+418
wm geometry .sigmgr._PF:1 231x341+697+417
wm geometry .sigmgr._PF:1 231x341+697+416
wm geometry .sigmgr._PF:1 231x341+697+415
wm geometry .sigmgr._PF:1 231x341+697+413
wm geometry .sigmgr._PF:1 231x341+697+412
wm geometry .sigmgr._PF:1 231x341+698+410
wm geometry .sigmgr._PF:1 231x341+698+409
wm geometry .sigmgr._PF:1 231x341+699+407
wm geometry .sigmgr._PF:1 231x341+699+406
wm geometry .sigmgr._PF:1 231x341+699+404
wm geometry .sigmgr._PF:1 231x341+700+403
wm geometry .sigmgr._PF:1 231x341+700+401
wm geometry .sigmgr._PF:1 231x341+700+400
wm geometry .sigmgr._PF:1 231x341+701+398
wm geometry .sigmgr._PF:1 231x341+701+397
wm geometry .sigmgr._PF:1 231x341+701+396
wm geometry .sigmgr._PF:1 231x341+702+394
wm geometry .sigmgr._PF:1 231x341+702+393
wm geometry .sigmgr._PF:1 231x341+703+391
wm geometry .sigmgr._PF:1 231x341+703+390
wm geometry .sigmgr._PF:1 231x341+703+389
wm geometry .sigmgr._PF:1 231x341+704+388
wm geometry .sigmgr._PF:1 231x341+704+386
wm geometry .sigmgr._PF:1 231x341+705+383
wm geometry .sigmgr._PF:1 231x341+705+382
wm geometry .sigmgr._PF:1 231x341+706+380
wm geometry .sigmgr._PF:1 231x341+706+379
wm geometry .sigmgr._PF:1 231x341+707+377
wm geometry .sigmgr._PF:1 231x341+708+375
wm geometry .sigmgr._PF:1 231x341+708+374
wm geometry .sigmgr._PF:1 231x341+709+372
wm geometry .sigmgr._PF:1 231x341+709+371
wm geometry .sigmgr._PF:1 231x341+710+370
wm geometry .sigmgr._PF:1 231x341+710+374
wm geometry .sigmgr._PF:1 231x341+710+379
wm geometry .sigmgr._PF:1 231x341+710+387
wm geometry .sigmgr._PF:1 231x341+710+395
wm geometry .sigmgr._PF:1 231x341+710+404
wm geometry .sigmgr._PF:1 231x341+710+412
wm geometry .sigmgr._PF:1 231x341+710+420
wm geometry .sigmgr._PF:1 231x341+710+428
wm geometry .sigmgr._PF:1 231x341+710+439
wm geometry .sigmgr._PF:1 231x341+709+449
wm geometry .sigmgr._PF:1 231x341+707+459
wm geometry .sigmgr._PF:1 231x341+705+472
wm geometry .sigmgr._PF:1 231x341+705+484
wm geometry .sigmgr._PF:1 231x341+705+497
wm geometry .sigmgr._PF:1 231x341+705+509
wm geometry .sigmgr._PF:1 231x341+705+524
wm geometry .sigmgr._PF:1 231x341+703+539
wm geometry .sigmgr._PF:1 231x341+703+554
wm geometry .sigmgr._PF:1 231x341+703+569
wm geometry .sigmgr._PF:1 231x341+703+582
wm geometry .sigmgr._PF:1 231x341+703+593
wm geometry .sigmgr._PF:1 231x341+703+604
wm geometry .sigmgr._PF:1 231x341+703+613
wm geometry .sigmgr._PF:1 231x341+703+622
wm geometry .sigmgr._PF:1 231x341+703+630
wm geometry .sigmgr._PF:1 231x341+703+639
wm geometry .sigmgr._PF:1 231x341+703+646
wm geometry .sigmgr._PF:1 231x341+703+652
wm geometry .sigmgr._PF:1 231x341+703+659
wm geometry .sigmgr._PF:1 231x341+703+665
wm geometry .sigmgr._PF:1 231x341+703+671
wm geometry .sigmgr._PF:1 231x341+703+673
wm geometry .sigmgr._PF:1 231x341+702+676
wm geometry .sigmgr._PF:1 231x341+703+673
wm geometry .sigmgr._PF:1 231x341+703+660
wm geometry .sigmgr._PF:1 231x341+703+645
wm geometry .sigmgr._PF:1 231x341+703+630
wm geometry .sigmgr._PF:1 231x341+703+615
wm geometry .sigmgr._PF:1 231x341+705+602
wm geometry .sigmgr._PF:1 231x341+707+587
wm geometry .sigmgr._PF:1 231x341+707+572
wm geometry .sigmgr._PF:1 231x341+707+558
wm geometry .sigmgr._PF:1 231x341+707+542
wm geometry .sigmgr._PF:1 231x341+707+531
wm geometry .sigmgr._PF:1 231x341+709+520
wm geometry .sigmgr._PF:1 231x341+709+511
wm geometry .sigmgr._PF:1 231x341+709+502
wm geometry .sigmgr._PF:1 231x341+709+494
wm geometry .sigmgr._PF:1 231x341+709+487
wm geometry .sigmgr._PF:1 231x341+711+481
wm geometry .sigmgr._PF:1 231x341+711+474
wm geometry .sigmgr._PF:1 231x341+712+468
wm geometry .sigmgr._PF:1 231x341+712+463
wm geometry .sigmgr._PF:1 231x341+714+463
wm geometry .sigmgr._PF:1 231x341+716+463
wm geometry .sigmgr._PF:1 231x341+716+445
wm geometry .sigmgr._PF:1 231x341+716+442
wm geometry .sigmgr._PF:1 231x341+716+438
wm geometry .sigmgr._PF:1 231x341+716+437
wm geometry .sigmgr._PF:1 231x341+717+434
wm geometry .sigmgr._PF:1 231x341+717+433
wm geometry .sigmgr._PF:1 231x341+717+432
wm geometry .sigmgr._PF:1 231x341+717+431
wm geometry .sigmgr._PF:1 231x341+718+430
wm geometry .sigmgr._PF:1 231x341+718+429
wm geometry .sigmgr._PF:1 231x341+718+428
wm geometry .sigmgr._PF:1 231x341+718+426
wm geometry .sigmgr._PF:1 231x341+718+425
wm geometry .sigmgr._PF:1 231x341+719+424
wm geometry .sigmgr._PF:1 231x341+719+423
wm geometry .sigmgr._PF:1 231x341+719+422
wm geometry .sigmgr._PF:1 231x341+720+420
wm geometry .sigmgr._PF:1 231x341+721+418
wm geometry .sigmgr._PF:1 231x341+721+417
wm geometry .sigmgr._PF:1 231x341+721+416
wm geometry .sigmgr._PF:1 231x341+722+414
wm geometry .sigmgr._PF:1 231x341+722+413
wm geometry .sigmgr._PF:1 231x341+722+412
wm geometry .sigmgr._PF:1 231x341+723+410
wm geometry .sigmgr._PF:1 231x341+723+409
wm geometry .sigmgr._PF:1 231x341+725+407
wm geometry .sigmgr._PF:1 231x341+725+406
wm geometry .sigmgr._PF:1 231x341+726+404
wm geometry .sigmgr._PF:1 231x341+726+403
wm geometry .sigmgr._PF:1 231x341+727+402
wm geometry .sigmgr._PF:1 231x341+727+401
wm geometry .sigmgr._PF:1 231x341+728+400
wm geometry .sigmgr._PF:1 231x341+728+398
wm geometry .sigmgr._PF:1 231x341+729+397
wm geometry .sigmgr._PF:1 231x341+729+396
wm geometry .sigmgr._PF:1 231x341+729+395
wm geometry .sigmgr._PF:1 231x341+730+394
wm geometry .sigmgr._PF:1 231x341+731+393
wm geometry .sigmgr._PF:1 231x341+731+391
wm geometry .sigmgr._PF:1 231x341+732+390
wm geometry .sigmgr._PF:1 231x341+733+389
wm geometry .sigmgr._PF:1 231x341+733+388
wm geometry .sigmgr._PF:1 231x341+734+387
wm geometry .sigmgr._PF:1 231x341+735+385
wm geometry .sigmgr._PF:1 231x341+735+384
wm geometry .sigmgr._PF:1 231x341+736+383
wm geometry .sigmgr._PF:1 231x341+736+386
wm geometry .sigmgr._PF:1 231x341+736+391
wm geometry .sigmgr._PF:1 231x341+736+399
wm geometry .sigmgr._PF:1 231x341+736+407
wm geometry .sigmgr._PF:1 231x341+736+416
wm geometry .sigmgr._PF:1 231x341+736+426
wm geometry .sigmgr._PF:1 231x341+736+436
wm geometry .sigmgr._PF:1 231x341+736+447
wm geometry .sigmgr._PF:1 231x341+736+457
wm geometry .sigmgr._PF:1 231x341+736+468
wm geometry .sigmgr._PF:1 231x341+736+478
wm geometry .sigmgr._PF:1 231x341+736+491
wm geometry .sigmgr._PF:1 231x341+736+503
wm geometry .sigmgr._PF:1 231x341+736+516
wm geometry .sigmgr._PF:1 231x341+736+529
wm geometry .sigmgr._PF:1 231x341+736+539
wm geometry .sigmgr._PF:1 231x341+736+546
wm geometry .sigmgr._PF:1 231x341+736+552
wm geometry .sigmgr._PF:1 231x341+736+556
wm geometry .sigmgr._PF:1 231x341+736+559
wm geometry .sigmgr._PF:1 231x341+736+561
wm geometry .sigmgr._PF:1 231x341+736+563
wm geometry .sigmgr._PF:1 231x341+736+566
wm geometry .sigmgr._PF:1 231x341+736+570
wm geometry .sigmgr._PF:1 231x341+736+575
wm geometry .sigmgr._PF:1 231x341+736+581
wm geometry .sigmgr._PF:1 231x341+736+586
wm geometry .sigmgr._PF:1 231x341+737+591
wm geometry .sigmgr._PF:1 231x341+739+597
wm geometry .sigmgr._PF:1 231x341+739+599
wm geometry .sigmgr._PF:1 231x341+739+602
wm geometry .sigmgr._PF:1 231x341+740+604
wm geometry .sigmgr._PF:1 231x341+740+605
wm geometry .sigmgr._PF:1 231x341+740+606
wm geometry .sigmgr._PF:1 231x341+740+607
wm geometry .sigmgr._PF:1 231x341+740+608
wm geometry .sigmgr._PF:1 231x341+741+609
wm geometry .sigmgr._PF:1 231x341+745+605
wm geometry .sigmgr._PF:1 231x341+752+598
wm geometry .sigmgr._PF:1 231x341+756+594
wm geometry .sigmgr._PF:1 231x341+756+590
wm geometry .sigmgr._PF:1 231x341+757+589
wm geometry .sigmgr._PF:1 231x341+759+587
wm geometry .sigmgr._PF:1 231x341+762+584
wm geometry .sigmgr._PF:1 231x341+765+580
wm geometry .sigmgr._PF:1 231x341+767+576
wm geometry .sigmgr._PF:1 231x341+767+575
wm geometry .sigmgr._PF:1 231x341+768+573
wm geometry .sigmgr._PF:1 231x341+768+571
wm geometry .sigmgr._PF:1 231x341+769+569
wm geometry .sigmgr._PF:1 231x341+770+567
wm geometry .sigmgr._PF:1 231x341+771+565
wm geometry .sigmgr._PF:1 231x341+772+563
wm geometry .sigmgr._PF:1 231x341+772+562
wm geometry .sigmgr._PF:1 231x341+772+560
wm geometry .sigmgr._PF:1 231x341+773+558
wm geometry .sigmgr._PF:1 231x341+774+558
wm geometry .sigmgr._PF:1 231x341+775+558
wm geometry .sigmgr._PF:1 231x341+775+542
wm geometry .sigmgr._PF:1 231x341+775+541
wm geometry .sigmgr._PF:1 231x341+775+540
wm geometry .sigmgr._PF:1 231x341+775+539
wm geometry .sigmgr._PF:1 231x341+776+538
wm geometry .sigmgr._PF:1 231x341+776+536
wm geometry .sigmgr._PF:1 231x341+776+535
wm geometry .sigmgr._PF:1 231x341+776+534
wm geometry .sigmgr._PF:1 231x341+776+533
wm geometry .sigmgr._PF:1 231x341+776+532
wm geometry .sigmgr._PF:1 231x341+776+531
wm geometry .sigmgr._PF:1 231x341+776+530
wm geometry .sigmgr._PF:1 231x341+776+529
wm geometry .sigmgr._PF:1 231x341+776+528
wm geometry .sigmgr._PF:1 231x341+776+527
wm geometry .sigmgr._PF:1 231x341+776+526
wm geometry .sigmgr._PF:1 231x341+776+523
wm geometry .sigmgr._PF:1 231x341+776+518
wm geometry .sigmgr._PF:1 231x341+776+513
wm geometry .sigmgr._PF:1 231x341+776+509
wm geometry .sigmgr._PF:1 231x341+776+508
wm geometry .sigmgr._PF:1 231x341+776+506
wm geometry .sigmgr._PF:1 231x341+776+505
wm geometry .sigmgr._PF:1 231x341+776+503
wm geometry .sigmgr._PF:1 231x341+776+502
wm geometry .sigmgr._PF:1 231x341+776+501
wm geometry .sigmgr._PF:1 231x341+776+500
wm geometry .sigmgr._PF:1 231x341+776+499
wm geometry .sigmgr._PF:1 231x341+776+497
wm geometry .sigmgr._PF:1 231x341+776+495
wm geometry .sigmgr._PF:1 231x341+777+493
wm geometry .sigmgr._PF:1 231x341+777+492
wm geometry .sigmgr._PF:1 231x341+777+490
wm geometry .sigmgr._PF:1 231x341+778+488
wm geometry .sigmgr._PF:1 231x341+778+486
wm geometry .sigmgr._PF:1 231x341+778+485
wm geometry .sigmgr._PF:1 231x341+779+482
wm geometry .sigmgr._PF:1 231x341+779+481
wm geometry .sigmgr._PF:1 231x341+779+480
wm geometry .sigmgr._PF:1 231x341+779+479
wm geometry .sigmgr._PF:1 231x341+779+478
wm geometry .sigmgr._PF:1 231x341+779+476
wm geometry .sigmgr._PF:1 231x341+779+475
wm geometry .sigmgr._PF:1 231x341+779+474
wm geometry .sigmgr._PF:1 231x341+780+473
wm geometry .sigmgr._PF:1 231x341+780+472
wm geometry .sigmgr._PF:1 231x341+780+471
wm geometry .sigmgr._PF:1 231x341+780+470
wm geometry .sigmgr._PF:1 231x341+780+469
wm geometry .sigmgr._PF:1 231x341+781+467
wm geometry .sigmgr._PF:1 231x341+782+466
wm geometry .sigmgr._PF:1 231x341+782+465
wm geometry .sigmgr._PF:1 231x341+782+464
wm geometry .sigmgr._PF:1 231x341+782+463
wm geometry .sigmgr._PF:1 231x341+783+463
wm geometry .sigmgr._PF:1 231x341+784+463
wm geometry .sigmgr._PF:1 231x341+784+446
wm geometry .sigmgr._PF:1 231x341+784+444
wm geometry .sigmgr._PF:1 231x341+784+442
wm geometry .sigmgr._PF:1 231x341+785+440
wm geometry .sigmgr._PF:1 231x341+785+438
wm geometry .sigmgr._PF:1 231x341+786+436
wm geometry .sigmgr._PF:1 231x341+786+435
wm geometry .sigmgr._PF:1 231x341+787+434
wm geometry .sigmgr._PF:1 231x341+787+433
wm geometry .sigmgr._PF:1 231x341+788+431
wm geometry .sigmgr._PF:1 231x341+789+429
wm geometry .sigmgr._PF:1 231x341+789+428
wm geometry .sigmgr._PF:1 231x341+789+427
wm geometry .sigmgr._PF:1 231x341+789+426
wm geometry .sigmgr._PF:1 231x341+789+425
wm geometry .sigmgr._PF:1 231x341+789+424
wm geometry .sigmgr._PF:1 231x341+789+423
wm geometry .sigmgr._PF:1 231x341+790+422
wm geometry .sigmgr._PF:1 231x341+790+421
wm geometry .sigmgr._PF:1 231x341+790+420
wm geometry .sigmgr._PF:1 231x341+790+419
wm geometry .sigmgr._PF:1 231x341+791+418
wm geometry .sigmgr._PF:1 231x341+791+417
wm geometry .sigmgr._PF:1 231x341+792+415
wm geometry .sigmgr._PF:1 231x341+792+417
wm geometry .sigmgr._PF:1 231x341+792+421
wm geometry .sigmgr._PF:1 231x341+792+426
wm geometry .sigmgr._PF:1 231x341+792+430
wm geometry .sigmgr._PF:1 231x341+792+432
wm geometry .sigmgr._PF:1 231x341+792+434
wm geometry .sigmgr._PF:1 231x341+792+435
wm geometry .sigmgr._PF:1 231x341+793+436
wm geometry .sigmgr._PF:1 231x341+794+437
wm geometry .sigmgr._PF:1 231x341+792+439
wm geometry .sigmgr._PF:1 231x341+789+441
wm geometry .sigmgr._PF:1 231x341+783+445
wm geometry .sigmgr._PF:1 231x341+777+447
wm geometry .sigmgr._PF:1 231x341+772+449
wm geometry .sigmgr._PF:1 231x341+764+452
wm geometry .sigmgr._PF:1 231x341+756+454
wm geometry .sigmgr._PF:1 231x341+748+456
wm geometry .sigmgr._PF:1 231x341+742+459
wm geometry .sigmgr._PF:1 231x341+738+459
wm geometry .sigmgr._PF:1 231x341+737+460
wm geometry .sigmgr._PF:1 231x341+736+461
wm geometry .sigmgr._PF:1 231x341+734+463
wm geometry .sigmgr._PF:1 231x341+731+465
wm geometry .sigmgr._PF:1 231x341+728+467
wm geometry .sigmgr._PF:1 231x341+725+468
wm geometry .sigmgr._PF:1 231x341+723+469
wm geometry .sigmgr._PF:1 231x341+722+469
wm geometry .sigmgr._PF:1 231x341+721+470
wm geometry .sigmgr._PF:1 231x341+720+470
wm geometry .sigmgr._PF:1 231x341+719+471
wm geometry .sigmgr._PF:1 231x341+717+472
wm geometry .sigmgr._PF:1 231x341+713+473
wm geometry .sigmgr._PF:1 231x341+711+472
wm geometry .sigmgr._PF:1 231x341+710+468
wm geometry .sigmgr._PF:1 231x341+710+466
wm geometry .sigmgr._PF:1 231x341+710+465
wm geometry .sigmgr._PF:1 231x341+710+463
wm geometry .sigmgr._PF:1 231x341+709+463
wm geometry .sigmgr._PF:1 231x341+708+463
wm geometry .sigmgr._PF:1 231x341+707+463
wm geometry .sigmgr._PF:1 231x341+707+446
wm geometry .sigmgr._PF:1 231x341+707+443
wm geometry .sigmgr._PF:1 231x341+707+441
wm geometry .sigmgr._PF:1 231x341+706+440
wm geometry .sigmgr._PF:1 231x341+707+439
wm geometry .sigmgr._PF:1 231x341+708+441
wm geometry .sigmgr._PF:1 231x341+708+445
wm geometry .sigmgr._PF:1 231x341+710+451
wm geometry .sigmgr._PF:1 231x341+710+452
wm geometry .sigmgr._PF:1 231x341+710+455
wm geometry .sigmgr._PF:1 231x341+710+457
wm geometry .sigmgr._PF:1 231x341+710+460
wm geometry .sigmgr._PF:1 231x341+709+462
wm geometry .sigmgr._PF:1 231x341+709+463
wm geometry .sigmgr._PF:1 231x341+708+465
wm geometry .sigmgr._PF:1 231x341+707+466
wm geometry .sigmgr._PF:1 231x341+706+466
wm geometry .sigmgr._PF:1 231x341+705+466
wm geometry .sigmgr._PF:1 231x341+704+466
wm geometry .sigmgr._PF:1 231x341+701+465
wm geometry .sigmgr._PF:1 231x341+700+464
wm geometry .sigmgr._PF:1 231x341+699+464
wm geometry .sigmgr._PF:1 231x341+698+463
wm geometry .sigmgr._PF:1 231x341+697+463
wm geometry .sigmgr._PF:1 231x341+696+463
wm geometry .sigmgr._PF:1 231x341+695+463
wm geometry .sigmgr._PF:1 231x341+694+463
wm geometry .sigmgr._PF:1 231x341+693+463
wm geometry .sigmgr._PF:1 231x341+692+463
wm geometry .sigmgr._PF:1 231x341+691+463
wm geometry .sigmgr._PF:1 231x341+690+463
ScopeSigMgr:Unload 0 {{(1) 250nm_sim_deck.tr0}}
wm geometry .sigmgr._PF:1 231x341+688+463
wm geometry .sigmgr._PF:1 231x341+687+463
wm geometry .sigmgr._PF:1 231x341+684+462
wm geometry .sigmgr._PF:1 231x341+683+458
wm geometry .sigmgr._PF:1 231x341+682+453
wm geometry .sigmgr._PF:1 231x341+682+448
wm geometry .sigmgr._PF:1 231x341+682+441
wm geometry .sigmgr._PF:1 231x341+680+431
wm geometry .sigmgr._PF:1 231x341+680+420
wm geometry .sigmgr._PF:1 231x341+680+406
wm geometry .sigmgr._PF:1 231x341+680+393
wm geometry .sigmgr._PF:1 231x341+680+380
wm geometry .sigmgr._PF:1 231x341+680+368
wm geometry .sigmgr._PF:1 231x341+682+359
wm geometry .sigmgr._PF:1 231x341+684+350
wm geometry .sigmgr._PF:1 231x341+686+344
wm geometry .sigmgr._PF:1 231x341+688+337
wm geometry .sigmgr._PF:1 231x341+691+331
wm geometry .sigmgr._PF:1 231x341+692+325
wm geometry .sigmgr._PF:1 231x341+694+319
wm geometry .sigmgr._PF:1 231x341+697+313
wm geometry .sigmgr._PF:1 231x341+699+304
wm geometry .sigmgr._PF:1 231x341+701+300
wm geometry .sigmgr._PF:1 231x341+704+296
wm geometry .sigmgr._PF:1 231x341+706+290
wm geometry .sigmgr._PF:1 231x341+708+286
wm geometry .sigmgr._PF:1 231x341+710+280
wm geometry .sigmgr._PF:1 231x341+712+276
wm geometry .sigmgr._PF:1 231x341+714+272
wm geometry .sigmgr._PF:1 231x341+716+268
wm geometry .sigmgr._PF:1 231x341+716+267
wm geometry .sigmgr._PF:1 231x341+717+265
wm geometry .sigmgr._PF:1 231x341+717+267
wm geometry .sigmgr._PF:1 231x341+713+276
wm geometry .sigmgr._PF:1 231x341+708+287
wm geometry .sigmgr._PF:1 231x341+701+298
wm geometry .sigmgr._PF:1 231x341+692+307
wm geometry .sigmgr._PF:1 231x341+681+318
wm geometry .sigmgr._PF:1 231x341+670+327
wm geometry .sigmgr._PF:1 231x341+669+336
wm geometry .sigmgr._PF:1 231x341+648+345
wm geometry .sigmgr._PF:1 231x341+637+354
wm geometry .sigmgr._PF:1 231x341+619+368
wm geometry .sigmgr._PF:1 231x341+610+375
wm geometry .sigmgr._PF:1 231x341+603+380
wm geometry .sigmgr._PF:1 231x341+598+385
wm geometry .sigmgr._PF:1 231x341+590+389
wm geometry .sigmgr._PF:1 231x341+585+394
wm geometry .sigmgr._PF:1 231x341+580+399
wm geometry .sigmgr._PF:1 231x341+579+400
wm geometry .sigmgr._PF:1 231x341+578+401
wm geometry .sigmgr._PF:1 231x341+577+402
wm geometry .sigmgr._PF:1 231x341+577+403
